2022-12-12 18:42:40,344 [Worker-6: Loading available Gradle versions] INFO  o.e.b.c.i.u.g.PublishedGradleVersions - Gradle version information cache is up-to-date. Trying to read.
2022-12-12 18:44:24,017 [Worker-9: Creating project "practicaExistXPath"] INFO  o.e.m.c.i.l.LifecycleMappingFactory - Using org.eclipse.m2e.jdt.JarLifecycleMapping lifecycle mapping for MavenProject: cat.montilivi.mcuesta:practicaExistXPath:0.0.1-SNAPSHOT @ C:\Users\miick\Documents\DAM2\M6\UF3\practicaExistXPath\practicaExistXPath\pom.xml.
2022-12-12 18:44:24,939 [Worker-9: Creating project "practicaExistXPath"] INFO  o.e.m.j.i.AbstractJavaProjectConfigurator - Adding source folder /practicaExistXPath/src/main/java
2022-12-12 18:44:24,941 [Worker-9: Creating project "practicaExistXPath"] INFO  o.e.m.j.i.AbstractJavaProjectConfigurator - Adding resource folder /practicaExistXPath/src/main/resources
2022-12-12 18:44:24,942 [Worker-9: Creating project "practicaExistXPath"] INFO  o.e.m.j.i.AbstractJavaProjectConfigurator - Adding source folder /practicaExistXPath/src/test/java
2022-12-12 18:44:24,943 [Worker-9: Creating project "practicaExistXPath"] INFO  o.e.m.j.i.AbstractJavaProjectConfigurator - Adding resource folder /practicaExistXPath/src/test/resources
2022-12-12 18:44:25,624 [Worker-22: Building] WARN  o.e.m.c.i.embedder.EclipseLogger - Using platform encoding (UTF-8 actually) to copy filtered resources, i.e. build is platform dependent!
2022-12-12 18:44:25,627 [Worker-22: Building] INFO  o.e.m.c.i.embedder.EclipseLogger - Copying 0 resource
2022-12-12 18:44:25,631 [Worker-22: Building] WARN  o.e.m.c.i.embedder.EclipseLogger - Using platform encoding (UTF-8 actually) to copy filtered resources, i.e. build is platform dependent!
2022-12-12 18:44:25,632 [Worker-22: Building] INFO  o.e.m.c.i.embedder.EclipseLogger - Copying 0 resource
2022-12-12 18:45:23,003 [Worker-9: Creating project "practicaExist"] INFO  o.e.m.c.i.l.LifecycleMappingFactory - Using org.eclipse.m2e.jdt.JarLifecycleMapping lifecycle mapping for MavenProject: cat.montilivi.mcuesta:practicaExist:0.0.1-SNAPSHOT @ C:\Users\miick\Documents\DAM2\M6\UF3\practicaExistXPath\practicaExist\pom.xml.
2022-12-12 18:45:23,156 [Worker-9: Creating project "practicaExist"] INFO  o.e.m.j.i.AbstractJavaProjectConfigurator - Adding source folder /practicaExist/src/main/java
2022-12-12 18:45:23,156 [Worker-9: Creating project "practicaExist"] INFO  o.e.m.j.i.AbstractJavaProjectConfigurator - Adding resource folder /practicaExist/src/main/resources
2022-12-12 18:45:23,156 [Worker-9: Creating project "practicaExist"] INFO  o.e.m.j.i.AbstractJavaProjectConfigurator - Adding source folder /practicaExist/src/test/java
2022-12-12 18:45:23,156 [Worker-9: Creating project "practicaExist"] INFO  o.e.m.j.i.AbstractJavaProjectConfigurator - Adding resource folder /practicaExist/src/test/resources
2022-12-12 18:45:23,402 [Worker-23: Building] WARN  o.e.m.c.i.embedder.EclipseLogger - Using platform encoding (UTF-8 actually) to copy filtered resources, i.e. build is platform dependent!
2022-12-12 18:45:23,404 [Worker-23: Building] INFO  o.e.m.c.i.embedder.EclipseLogger - Copying 0 resource
2022-12-12 18:45:23,407 [Worker-23: Building] WARN  o.e.m.c.i.embedder.EclipseLogger - Using platform encoding (UTF-8 actually) to copy filtered resources, i.e. build is platform dependent!
2022-12-12 18:45:23,408 [Worker-23: Building] INFO  o.e.m.c.i.embedder.EclipseLogger - Copying 0 resource
2022-12-12 18:48:06,737 [Worker-23: Building] WARN  o.e.m.c.i.embedder.EclipseLogger - Using platform encoding (UTF-8 actually) to copy filtered resources, i.e. build is platform dependent!
2022-12-12 18:48:06,741 [Worker-23: Building] INFO  o.e.m.c.i.embedder.EclipseLogger - Copying 0 resource
2022-12-12 18:48:06,746 [Worker-23: Building] WARN  o.e.m.c.i.embedder.EclipseLogger - Using platform encoding (UTF-8 actually) to copy filtered resources, i.e. build is platform dependent!
2022-12-12 18:48:06,747 [Worker-23: Building] INFO  o.e.m.c.i.embedder.EclipseLogger - Copying 0 resource
2022-12-12 18:48:30,446 [Worker-23: Building] WARN  o.e.m.c.i.embedder.EclipseLogger - Using platform encoding (UTF-8 actually) to copy filtered resources, i.e. build is platform dependent!
2022-12-12 18:48:30,447 [Worker-23: Building] INFO  o.e.m.c.i.embedder.EclipseLogger - Copying 1 resource
2022-12-12 18:48:30,458 [Worker-23: Building] WARN  o.e.m.c.i.embedder.EclipseLogger - Using platform encoding (UTF-8 actually) to copy filtered resources, i.e. build is platform dependent!
2022-12-12 18:48:30,459 [Worker-23: Building] INFO  o.e.m.c.i.embedder.EclipseLogger - Copying 0 resource
2022-12-12 18:54:58,098 [Worker-30: Building] INFO  o.e.m.c.i.l.LifecycleMappingFactory - Using org.eclipse.m2e.jdt.JarLifecycleMapping lifecycle mapping for MavenProject: cat.montilivi.mcuesta:practicaExist:0.0.1-SNAPSHOT @ C:\Users\miick\Documents\DAM2\M6\UF3\practicaExistXPath\practicaExist\pom.xml.
2022-12-12 18:55:01,481 [Worker-23: Download sources and javadoc] INFO  o.e.m.c.i.e.AbstractTransferListenerAdapter - Downloading https://repo.maven.apache.org/maven2/org/exist-db/exist-core/6.0.1/exist-core-6.0.1-sources.jar
2022-12-12 18:55:02,122 [Worker-23: Download sources and javadoc] INFO  o.e.m.c.i.e.AbstractTransferListenerAdapter - Downloaded https://repo.maven.apache.org/maven2/org/exist-db/exist-core/6.0.1/exist-core-6.0.1-sources.jar
2022-12-12 18:55:02,129 [Worker-23: Download sources and javadoc] INFO  o.e.m.j.internal.DownloadSourcesJob - Downloaded sources for org.exist-db:exist-core:6.0.1
2022-12-12 18:55:02,235 [Worker-23: Download sources and javadoc] INFO  o.e.m.c.i.e.AbstractTransferListenerAdapter - Downloading https://repo.maven.apache.org/maven2/net/jcip/jcip-annotations/1.0/jcip-annotations-1.0-sources.jar
2022-12-12 18:55:02,288 [Worker-23: Download sources and javadoc] INFO  o.e.m.c.i.e.AbstractTransferListenerAdapter - Downloaded https://repo.maven.apache.org/maven2/net/jcip/jcip-annotations/1.0/jcip-annotations-1.0-sources.jar
2022-12-12 18:55:02,295 [Worker-23: Download sources and javadoc] INFO  o.e.m.j.internal.DownloadSourcesJob - Downloaded sources for net.jcip:jcip-annotations:1.0
2022-12-12 18:55:02,389 [Worker-23: Download sources and javadoc] INFO  o.e.m.c.i.e.AbstractTransferListenerAdapter - Downloading https://repo.maven.apache.org/maven2/com/fasterxml/jackson/core/jackson-core/2.13.1/jackson-core-2.13.1-sources.jar
2022-12-12 18:55:02,479 [Worker-23: Download sources and javadoc] INFO  o.e.m.c.i.e.AbstractTransferListenerAdapter - Downloaded https://repo.maven.apache.org/maven2/com/fasterxml/jackson/core/jackson-core/2.13.1/jackson-core-2.13.1-sources.jar
2022-12-12 18:55:02,487 [Worker-23: Download sources and javadoc] INFO  o.e.m.j.internal.DownloadSourcesJob - Downloaded sources for com.fasterxml.jackson.core:jackson-core:2.13.1
2022-12-12 18:55:02,560 [Worker-23: Download sources and javadoc] INFO  o.e.m.c.i.e.AbstractTransferListenerAdapter - Downloading https://repo.maven.apache.org/maven2/com/evolvedbinary/multilock/multilock/1.0.1/multilock-1.0.1-sources.jar
2022-12-12 18:55:02,611 [Worker-23: Download sources and javadoc] INFO  o.e.m.c.i.e.AbstractTransferListenerAdapter - Downloaded https://repo.maven.apache.org/maven2/com/evolvedbinary/multilock/multilock/1.0.1/multilock-1.0.1-sources.jar
2022-12-12 18:55:02,617 [Worker-23: Download sources and javadoc] INFO  o.e.m.j.internal.DownloadSourcesJob - Downloaded sources for com.evolvedbinary.multilock:multilock:1.0.1
2022-12-12 18:55:02,680 [Worker-23: Download sources and javadoc] INFO  o.e.m.c.i.e.AbstractTransferListenerAdapter - Downloading https://repo.maven.apache.org/maven2/com/github/ben-manes/caffeine/caffeine/2.9.3/caffeine-2.9.3-sources.jar
2022-12-12 18:55:02,802 [Worker-23: Download sources and javadoc] INFO  o.e.m.c.i.e.AbstractTransferListenerAdapter - Downloaded https://repo.maven.apache.org/maven2/com/github/ben-manes/caffeine/caffeine/2.9.3/caffeine-2.9.3-sources.jar
2022-12-12 18:55:02,810 [Worker-23: Download sources and javadoc] INFO  o.e.m.j.internal.DownloadSourcesJob - Downloaded sources for com.github.ben-manes.caffeine:caffeine:2.9.3
2022-12-12 18:55:02,883 [Worker-23: Download sources and javadoc] INFO  o.e.m.c.i.e.AbstractTransferListenerAdapter - Downloading https://repo.maven.apache.org/maven2/org/checkerframework/checker-qual/3.19.0/checker-qual-3.19.0-sources.jar
2022-12-12 18:55:02,961 [Worker-23: Download sources and javadoc] INFO  o.e.m.c.i.e.AbstractTransferListenerAdapter - Downloaded https://repo.maven.apache.org/maven2/org/checkerframework/checker-qual/3.19.0/checker-qual-3.19.0-sources.jar
2022-12-12 18:55:02,968 [Worker-23: Download sources and javadoc] INFO  o.e.m.j.internal.DownloadSourcesJob - Downloaded sources for org.checkerframework:checker-qual:3.19.0
2022-12-12 18:55:03,031 [Worker-23: Download sources and javadoc] INFO  o.e.m.c.i.e.AbstractTransferListenerAdapter - Downloading https://repo.maven.apache.org/maven2/com/google/errorprone/error_prone_annotations/2.10.0/error_prone_annotations-2.10.0-sources.jar
2022-12-12 18:55:03,050 [Worker-30: Building] WARN  o.e.m.c.i.embedder.EclipseLogger - Using platform encoding (UTF-8 actually) to copy filtered resources, i.e. build is platform dependent!
2022-12-12 18:55:03,052 [Worker-30: Building] INFO  o.e.m.c.i.embedder.EclipseLogger - Copying 0 resource
2022-12-12 18:55:03,055 [Worker-30: Building] WARN  o.e.m.c.i.embedder.EclipseLogger - Using platform encoding (UTF-8 actually) to copy filtered resources, i.e. build is platform dependent!
2022-12-12 18:55:03,057 [Worker-30: Building] INFO  o.e.m.c.i.embedder.EclipseLogger - Copying 0 resource
2022-12-12 18:55:03,232 [Worker-23: Download sources and javadoc] INFO  o.e.m.c.i.e.AbstractTransferListenerAdapter - Downloaded https://repo.maven.apache.org/maven2/com/google/errorprone/error_prone_annotations/2.10.0/error_prone_annotations-2.10.0-sources.jar
2022-12-12 18:55:03,243 [Worker-23: Download sources and javadoc] INFO  o.e.m.j.internal.DownloadSourcesJob - Downloaded sources for com.google.errorprone:error_prone_annotations:2.10.0
2022-12-12 18:55:03,355 [Worker-23: Download sources and javadoc] INFO  o.e.m.c.i.e.AbstractTransferListenerAdapter - Downloading https://repo.maven.apache.org/maven2/com/github/krukow/clj-ds/0.0.4/clj-ds-0.0.4-sources.jar
2022-12-12 18:55:03,435 [Worker-23: Download sources and javadoc] INFO  o.e.m.c.i.e.AbstractTransferListenerAdapter - Downloaded https://repo.maven.apache.org/maven2/com/github/krukow/clj-ds/0.0.4/clj-ds-0.0.4-sources.jar
2022-12-12 18:55:03,446 [Worker-23: Download sources and javadoc] INFO  o.e.m.j.internal.DownloadSourcesJob - Downloaded sources for com.github.krukow:clj-ds:0.0.4
2022-12-12 18:55:03,513 [Worker-23: Download sources and javadoc] INFO  o.e.m.c.i.e.AbstractTransferListenerAdapter - Downloading https://repo.maven.apache.org/maven2/com/siemens/ct/exi/exificient/0.9.3/exificient-0.9.3-sources.jar
2022-12-12 18:55:03,618 [Worker-23: Download sources and javadoc] INFO  o.e.m.c.i.e.AbstractTransferListenerAdapter - Downloaded https://repo.maven.apache.org/maven2/com/siemens/ct/exi/exificient/0.9.3/exificient-0.9.3-sources.jar
2022-12-12 18:55:03,632 [Worker-23: Download sources and javadoc] INFO  o.e.m.j.internal.DownloadSourcesJob - Downloaded sources for com.siemens.ct.exi:exificient:0.9.3
2022-12-12 18:55:03,724 [Worker-23: Download sources and javadoc] INFO  o.e.m.c.i.e.AbstractTransferListenerAdapter - Downloading https://repo.maven.apache.org/maven2/com/ibm/icu/icu4j/59.1/icu4j-59.1-sources.jar
2022-12-12 18:55:03,995 [Worker-23: Download sources and javadoc] INFO  o.e.m.c.i.e.AbstractTransferListenerAdapter - Downloaded https://repo.maven.apache.org/maven2/com/ibm/icu/icu4j/59.1/icu4j-59.1-sources.jar
2022-12-12 18:55:04,002 [Worker-23: Download sources and javadoc] INFO  o.e.m.j.internal.DownloadSourcesJob - Downloaded sources for com.ibm.icu:icu4j:59.1
2022-12-12 18:55:04,067 [Worker-23: Download sources and javadoc] INFO  o.e.m.c.i.e.AbstractTransferListenerAdapter - Downloading https://repo.maven.apache.org/maven2/com/google/code/findbugs/jsr305/3.0.2/jsr305-3.0.2-sources.jar
2022-12-12 18:55:04,339 [Worker-23: Download sources and javadoc] INFO  o.e.m.c.i.e.AbstractTransferListenerAdapter - Downloaded https://repo.maven.apache.org/maven2/com/google/code/findbugs/jsr305/3.0.2/jsr305-3.0.2-sources.jar
2022-12-12 18:55:04,352 [Worker-23: Download sources and javadoc] INFO  o.e.m.j.internal.DownloadSourcesJob - Downloaded sources for com.google.code.findbugs:jsr305:3.0.2
2022-12-12 18:55:04,423 [Worker-23: Download sources and javadoc] INFO  o.e.m.c.i.e.AbstractTransferListenerAdapter - Downloading https://repo.maven.apache.org/maven2/org/relaxng/jing/20181222/jing-20181222-sources.jar
2022-12-12 18:55:04,456 [Worker-31: Building] WARN  o.e.m.c.i.embedder.EclipseLogger - Using platform encoding (UTF-8 actually) to copy filtered resources, i.e. build is platform dependent!
2022-12-12 18:55:04,460 [Worker-31: Building] INFO  o.e.m.c.i.embedder.EclipseLogger - Copying 1 resource
2022-12-12 18:55:04,469 [Worker-31: Building] WARN  o.e.m.c.i.embedder.EclipseLogger - Using platform encoding (UTF-8 actually) to copy filtered resources, i.e. build is platform dependent!
2022-12-12 18:55:04,470 [Worker-31: Building] INFO  o.e.m.c.i.embedder.EclipseLogger - Copying 0 resource
2022-12-12 18:55:04,514 [Worker-23: Download sources and javadoc] INFO  o.e.m.c.i.e.AbstractTransferListenerAdapter - Downloaded https://repo.maven.apache.org/maven2/org/relaxng/jing/20181222/jing-20181222-sources.jar
2022-12-12 18:55:04,523 [Worker-23: Download sources and javadoc] INFO  o.e.m.j.internal.DownloadSourcesJob - Downloaded sources for org.relaxng:jing:20181222
2022-12-12 18:55:04,594 [Worker-23: Download sources and javadoc] INFO  o.e.m.c.i.e.AbstractTransferListenerAdapter - Downloaded https://repo.maven.apache.org/maven2/isorelax/isorelax/20030108/isorelax-20030108-sources.jar
2022-12-12 18:55:04,605 [Worker-23: Download sources and javadoc] ERROR o.e.m.j.internal.DownloadSourcesJob - Could not download sources for isorelax:isorelax:20030108
org.eclipse.core.runtime.CoreException: Could not resolve artifact isorelax:isorelax:jar:sources:20030108
	at org.eclipse.m2e.core.internal.embedder.MavenImpl.lambda$6(MavenImpl.java:608) ~[na:na]
	at org.eclipse.m2e.core.internal.embedder.MavenExecutionContext.executeBare(MavenExecutionContext.java:350) ~[na:na]
	at org.eclipse.m2e.core.internal.embedder.MavenExecutionContext.execute(MavenExecutionContext.java:219) ~[na:na]
	at org.eclipse.m2e.core.internal.embedder.MavenExecutionContext.execute(MavenExecutionContext.java:205) ~[na:na]
	at org.eclipse.m2e.core.internal.embedder.MavenImpl.resolve(MavenImpl.java:577) ~[na:na]
	at org.eclipse.m2e.core.internal.embedder.MavenImpl.resolve(MavenImpl.java:562) ~[na:na]
	at org.eclipse.m2e.jdt.internal.DownloadSourcesJob.download(DownloadSourcesJob.java:308) ~[na:na]
	at org.eclipse.m2e.jdt.internal.DownloadSourcesJob.downloadAttachments(DownloadSourcesJob.java:282) ~[na:na]
	at org.eclipse.m2e.jdt.internal.DownloadSourcesJob.downloadMaven(DownloadSourcesJob.java:252) ~[na:na]
	at org.eclipse.m2e.jdt.internal.DownloadSourcesJob.downloadFilesAndPopulateToUpdate(DownloadSourcesJob.java:220) ~[na:na]
	at org.eclipse.m2e.jdt.internal.DownloadSourcesJob.lambda$0(DownloadSourcesJob.java:149) ~[na:na]
	at org.eclipse.m2e.core.internal.embedder.MavenExecutionContext.executeBare(MavenExecutionContext.java:350) ~[na:na]
	at org.eclipse.m2e.core.internal.embedder.MavenExecutionContext.execute(MavenExecutionContext.java:262) ~[na:na]
	at org.eclipse.m2e.core.internal.embedder.MavenExecutionContext.execute(MavenExecutionContext.java:205) ~[na:na]
	at org.eclipse.m2e.core.embedder.IMaven.execute(IMaven.java:270) ~[na:na]
	at org.eclipse.m2e.jdt.internal.DownloadSourcesJob.run(DownloadSourcesJob.java:149) ~[na:na]
	at org.eclipse.core.internal.jobs.Worker.run(Worker.java:63) ~[org.eclipse.core.jobs_3.13.100.v20220817-1539.jar:na]
2022-12-12 18:55:04,693 [Worker-23: Download sources and javadoc] INFO  o.e.m.c.i.e.AbstractTransferListenerAdapter - Downloading https://repo.maven.apache.org/maven2/org/exist-db/exist-start/6.0.1/exist-start-6.0.1-sources.jar
2022-12-12 18:55:04,793 [Worker-23: Download sources and javadoc] INFO  o.e.m.c.i.e.AbstractTransferListenerAdapter - Downloaded https://repo.maven.apache.org/maven2/org/exist-db/exist-start/6.0.1/exist-start-6.0.1-sources.jar
2022-12-12 18:55:04,805 [Worker-23: Download sources and javadoc] INFO  o.e.m.j.internal.DownloadSourcesJob - Downloaded sources for org.exist-db:exist-start:6.0.1
2022-12-12 18:55:04,911 [Worker-23: Download sources and javadoc] INFO  o.e.m.c.i.e.AbstractTransferListenerAdapter - Downloading https://repo.maven.apache.org/maven2/org/exquery/exquery-common/0.2.0/exquery-common-0.2.0-sources.jar
2022-12-12 18:55:05,028 [Worker-23: Download sources and javadoc] INFO  o.e.m.c.i.e.AbstractTransferListenerAdapter - Downloaded https://repo.maven.apache.org/maven2/org/exquery/exquery-common/0.2.0/exquery-common-0.2.0-sources.jar
2022-12-12 18:55:05,036 [Worker-23: Download sources and javadoc] INFO  o.e.m.j.internal.DownloadSourcesJob - Downloaded sources for org.exquery:exquery-common:0.2.0
2022-12-12 18:55:05,108 [Worker-23: Download sources and javadoc] INFO  o.e.m.c.i.e.AbstractTransferListenerAdapter - Downloading https://repo.maven.apache.org/maven2/org/bouncycastle/bcprov-jdk15on/1.70/bcprov-jdk15on-1.70-sources.jar
2022-12-12 18:55:05,433 [Worker-23: Download sources and javadoc] INFO  o.e.m.c.i.e.AbstractTransferListenerAdapter - Downloaded https://repo.maven.apache.org/maven2/org/bouncycastle/bcprov-jdk15on/1.70/bcprov-jdk15on-1.70-sources.jar
2022-12-12 18:55:05,445 [Worker-23: Download sources and javadoc] INFO  o.e.m.j.internal.DownloadSourcesJob - Downloaded sources for org.bouncycastle:bcprov-jdk15on:1.70
2022-12-12 18:55:05,513 [Worker-23: Download sources and javadoc] INFO  o.e.m.c.i.e.AbstractTransferListenerAdapter - Downloading https://repo.maven.apache.org/maven2/org/lz4/lz4-java/1.8.0/lz4-java-1.8.0-sources.jar
2022-12-12 18:55:05,572 [Worker-23: Download sources and javadoc] INFO  o.e.m.c.i.e.AbstractTransferListenerAdapter - Downloaded https://repo.maven.apache.org/maven2/org/lz4/lz4-java/1.8.0/lz4-java-1.8.0-sources.jar
2022-12-12 18:55:05,583 [Worker-23: Download sources and javadoc] INFO  o.e.m.j.internal.DownloadSourcesJob - Downloaded sources for org.lz4:lz4-java:1.8.0
2022-12-12 18:55:05,648 [Worker-23: Download sources and javadoc] INFO  o.e.m.c.i.e.AbstractTransferListenerAdapter - Downloading https://repo.maven.apache.org/maven2/com/evolvedbinary/j8fu/j8fu/1.23.0/j8fu-1.23.0-sources.jar
2022-12-12 18:55:05,732 [Worker-23: Download sources and javadoc] INFO  o.e.m.c.i.e.AbstractTransferListenerAdapter - Downloaded https://repo.maven.apache.org/maven2/com/evolvedbinary/j8fu/j8fu/1.23.0/j8fu-1.23.0-sources.jar
2022-12-12 18:55:05,741 [Worker-23: Download sources and javadoc] INFO  o.e.m.j.internal.DownloadSourcesJob - Downloaded sources for com.evolvedbinary.j8fu:j8fu:1.23.0
2022-12-12 18:55:05,812 [Worker-23: Download sources and javadoc] INFO  o.e.m.c.i.e.AbstractTransferListenerAdapter - Downloading https://repo.maven.apache.org/maven2/com/fasterxml/uuid/java-uuid-generator/4.0.1/java-uuid-generator-4.0.1-sources.jar
2022-12-12 18:55:05,995 [Worker-23: Download sources and javadoc] INFO  o.e.m.c.i.e.AbstractTransferListenerAdapter - Downloaded https://repo.maven.apache.org/maven2/com/fasterxml/uuid/java-uuid-generator/4.0.1/java-uuid-generator-4.0.1-sources.jar
2022-12-12 18:55:06,005 [Worker-23: Download sources and javadoc] INFO  o.e.m.j.internal.DownloadSourcesJob - Downloaded sources for com.fasterxml.uuid:java-uuid-generator:4.0.1
2022-12-12 18:55:06,079 [Worker-23: Download sources and javadoc] INFO  o.e.m.c.i.e.AbstractTransferListenerAdapter - Downloading https://repo.maven.apache.org/maven2/org/slf4j/slf4j-api/1.7.29/slf4j-api-1.7.29-sources.jar
2022-12-12 18:55:06,138 [Worker-23: Download sources and javadoc] INFO  o.e.m.c.i.e.AbstractTransferListenerAdapter - Downloaded https://repo.maven.apache.org/maven2/org/slf4j/slf4j-api/1.7.29/slf4j-api-1.7.29-sources.jar
2022-12-12 18:55:06,154 [Worker-23: Download sources and javadoc] INFO  o.e.m.j.internal.DownloadSourcesJob - Downloaded sources for org.slf4j:slf4j-api:1.7.29
2022-12-12 18:55:06,220 [Worker-23: Download sources and javadoc] INFO  o.e.m.c.i.e.AbstractTransferListenerAdapter - Downloading https://repo.maven.apache.org/maven2/javax/servlet/javax.servlet-api/3.1.0/javax.servlet-api-3.1.0-sources.jar
2022-12-12 18:55:06,302 [Worker-23: Download sources and javadoc] INFO  o.e.m.c.i.e.AbstractTransferListenerAdapter - Downloaded https://repo.maven.apache.org/maven2/javax/servlet/javax.servlet-api/3.1.0/javax.servlet-api-3.1.0-sources.jar
2022-12-12 18:55:06,311 [Worker-23: Download sources and javadoc] INFO  o.e.m.j.internal.DownloadSourcesJob - Downloaded sources for javax.servlet:javax.servlet-api:3.1.0
2022-12-12 18:55:06,387 [Worker-23: Download sources and javadoc] INFO  o.e.m.c.i.e.AbstractTransferListenerAdapter - Downloading https://repo.maven.apache.org/maven2/org/exist-db/thirdparty/javax/xml/xquery/xqjri/20080114-133351/xqjri-20080114-133351-sources.jar
2022-12-12 18:55:06,457 [Worker-23: Download sources and javadoc] INFO  o.e.m.c.i.e.AbstractTransferListenerAdapter - Downloaded https://repo.maven.apache.org/maven2/org/exist-db/thirdparty/javax/xml/xquery/xqjri/20080114-133351/xqjri-20080114-133351-sources.jar
2022-12-12 18:55:06,469 [Worker-23: Download sources and javadoc] INFO  o.e.m.j.internal.DownloadSourcesJob - Downloaded sources for org.exist-db.thirdparty.javax.xml.xquery:xqjri:20080114-133351
2022-12-12 18:55:06,535 [Worker-23: Download sources and javadoc] INFO  o.e.m.c.i.e.AbstractTransferListenerAdapter - Downloading https://repo.maven.apache.org/maven2/org/jline/jline/3.21.0/jline-3.21.0-sources.jar
2022-12-12 18:55:06,651 [Worker-23: Download sources and javadoc] INFO  o.e.m.c.i.e.AbstractTransferListenerAdapter - Downloaded https://repo.maven.apache.org/maven2/org/jline/jline/3.21.0/jline-3.21.0-sources.jar
2022-12-12 18:55:06,662 [Worker-23: Download sources and javadoc] INFO  o.e.m.j.internal.DownloadSourcesJob - Downloaded sources for org.jline:jline:3.21.0
2022-12-12 18:55:06,733 [Worker-23: Download sources and javadoc] INFO  o.e.m.c.i.e.AbstractTransferListenerAdapter - Downloading https://repo.maven.apache.org/maven2/org/fusesource/jansi/jansi/2.4.0/jansi-2.4.0-sources.jar
2022-12-12 18:55:06,812 [Worker-23: Download sources and javadoc] INFO  o.e.m.c.i.e.AbstractTransferListenerAdapter - Downloaded https://repo.maven.apache.org/maven2/org/fusesource/jansi/jansi/2.4.0/jansi-2.4.0-sources.jar
2022-12-12 18:55:06,825 [Worker-23: Download sources and javadoc] INFO  o.e.m.j.internal.DownloadSourcesJob - Downloaded sources for org.fusesource.jansi:jansi:2.4.0
2022-12-12 18:55:06,894 [Worker-23: Download sources and javadoc] INFO  o.e.m.c.i.e.AbstractTransferListenerAdapter - Downloading https://repo.maven.apache.org/maven2/cglib/cglib/3.3.0/cglib-3.3.0-sources.jar
2022-12-12 18:55:06,971 [Worker-23: Download sources and javadoc] INFO  o.e.m.c.i.e.AbstractTransferListenerAdapter - Downloaded https://repo.maven.apache.org/maven2/cglib/cglib/3.3.0/cglib-3.3.0-sources.jar
2022-12-12 18:55:06,978 [Worker-23: Download sources and javadoc] INFO  o.e.m.j.internal.DownloadSourcesJob - Downloaded sources for cglib:cglib:3.3.0
2022-12-12 18:55:07,057 [Worker-23: Download sources and javadoc] INFO  o.e.m.c.i.e.AbstractTransferListenerAdapter - Downloading https://repo.maven.apache.org/maven2/org/ow2/asm/asm/7.1/asm-7.1-sources.jar
2022-12-12 18:55:07,127 [Worker-23: Download sources and javadoc] INFO  o.e.m.c.i.e.AbstractTransferListenerAdapter - Downloaded https://repo.maven.apache.org/maven2/org/ow2/asm/asm/7.1/asm-7.1-sources.jar
2022-12-12 18:55:07,138 [Worker-23: Download sources and javadoc] INFO  o.e.m.j.internal.DownloadSourcesJob - Downloaded sources for org.ow2.asm:asm:7.1
2022-12-12 18:55:07,212 [Worker-23: Download sources and javadoc] INFO  o.e.m.c.i.e.AbstractTransferListenerAdapter - Downloading https://repo.maven.apache.org/maven2/se/softhouse/jargo/0.4.14/jargo-0.4.14-sources.jar
2022-12-12 18:55:07,272 [Worker-23: Download sources and javadoc] INFO  o.e.m.c.i.e.AbstractTransferListenerAdapter - Downloaded https://repo.maven.apache.org/maven2/se/softhouse/jargo/0.4.14/jargo-0.4.14-sources.jar
2022-12-12 18:55:07,282 [Worker-23: Download sources and javadoc] INFO  o.e.m.j.internal.DownloadSourcesJob - Downloaded sources for se.softhouse:jargo:0.4.14
2022-12-12 18:55:07,358 [Worker-23: Download sources and javadoc] INFO  o.e.m.c.i.e.AbstractTransferListenerAdapter - Downloading https://repo.maven.apache.org/maven2/commons-codec/commons-codec/1.15/commons-codec-1.15-sources.jar
2022-12-12 18:55:07,445 [Worker-23: Download sources and javadoc] INFO  o.e.m.c.i.e.AbstractTransferListenerAdapter - Downloaded https://repo.maven.apache.org/maven2/commons-codec/commons-codec/1.15/commons-codec-1.15-sources.jar
2022-12-12 18:55:07,455 [Worker-23: Download sources and javadoc] INFO  o.e.m.j.internal.DownloadSourcesJob - Downloaded sources for commons-codec:commons-codec:1.15
2022-12-12 18:55:07,551 [Worker-23: Download sources and javadoc] INFO  o.e.m.c.i.e.AbstractTransferListenerAdapter - Downloading https://repo.maven.apache.org/maven2/commons-io/commons-io/2.11.0/commons-io-2.11.0-sources.jar
2022-12-12 18:55:07,671 [Worker-23: Download sources and javadoc] INFO  o.e.m.c.i.e.AbstractTransferListenerAdapter - Downloaded https://repo.maven.apache.org/maven2/commons-io/commons-io/2.11.0/commons-io-2.11.0-sources.jar
2022-12-12 18:55:07,685 [Worker-23: Download sources and javadoc] INFO  o.e.m.j.internal.DownloadSourcesJob - Downloaded sources for commons-io:commons-io:2.11.0
2022-12-12 18:55:07,755 [Worker-23: Download sources and javadoc] INFO  o.e.m.c.i.e.AbstractTransferListenerAdapter - Downloading https://repo.maven.apache.org/maven2/org/apache/commons/commons-lang3/3.12.0/commons-lang3-3.12.0-sources.jar
2022-12-12 18:55:07,874 [Worker-23: Download sources and javadoc] INFO  o.e.m.c.i.e.AbstractTransferListenerAdapter - Downloaded https://repo.maven.apache.org/maven2/org/apache/commons/commons-lang3/3.12.0/commons-lang3-3.12.0-sources.jar
2022-12-12 18:55:07,886 [Worker-23: Download sources and javadoc] INFO  o.e.m.j.internal.DownloadSourcesJob - Downloaded sources for org.apache.commons:commons-lang3:3.12.0
2022-12-12 18:55:07,961 [Worker-23: Download sources and javadoc] INFO  o.e.m.c.i.e.AbstractTransferListenerAdapter - Downloading https://repo.maven.apache.org/maven2/commons-logging/commons-logging/1.2/commons-logging-1.2-sources.jar
2022-12-12 18:55:08,013 [Worker-23: Download sources and javadoc] INFO  o.e.m.c.i.e.AbstractTransferListenerAdapter - Downloaded https://repo.maven.apache.org/maven2/commons-logging/commons-logging/1.2/commons-logging-1.2-sources.jar
2022-12-12 18:55:08,022 [Worker-23: Download sources and javadoc] INFO  o.e.m.j.internal.DownloadSourcesJob - Downloaded sources for commons-logging:commons-logging:1.2
2022-12-12 18:55:08,091 [Worker-23: Download sources and javadoc] INFO  o.e.m.c.i.e.AbstractTransferListenerAdapter - Downloading https://repo.maven.apache.org/maven2/org/apache/commons/commons-pool2/2.11.1/commons-pool2-2.11.1-sources.jar
2022-12-12 18:55:08,156 [Worker-23: Download sources and javadoc] INFO  o.e.m.c.i.e.AbstractTransferListenerAdapter - Downloaded https://repo.maven.apache.org/maven2/org/apache/commons/commons-pool2/2.11.1/commons-pool2-2.11.1-sources.jar
2022-12-12 18:55:08,168 [Worker-23: Download sources and javadoc] INFO  o.e.m.j.internal.DownloadSourcesJob - Downloaded sources for org.apache.commons:commons-pool2:2.11.1
2022-12-12 18:55:08,246 [Worker-23: Download sources and javadoc] INFO  o.e.m.c.i.e.AbstractTransferListenerAdapter - Downloading https://repo.maven.apache.org/maven2/org/apache/logging/log4j/log4j-api/2.17.1/log4j-api-2.17.1-sources.jar
2022-12-12 18:55:08,328 [Worker-23: Download sources and javadoc] INFO  o.e.m.c.i.e.AbstractTransferListenerAdapter - Downloaded https://repo.maven.apache.org/maven2/org/apache/logging/log4j/log4j-api/2.17.1/log4j-api-2.17.1-sources.jar
2022-12-12 18:55:08,337 [Worker-23: Download sources and javadoc] INFO  o.e.m.j.internal.DownloadSourcesJob - Downloaded sources for org.apache.logging.log4j:log4j-api:2.17.1
2022-12-12 18:55:08,421 [Worker-23: Download sources and javadoc] INFO  o.e.m.c.i.e.AbstractTransferListenerAdapter - Downloading https://repo.maven.apache.org/maven2/org/apache/logging/log4j/log4j-core/2.17.1/log4j-core-2.17.1-sources.jar
2022-12-12 18:55:08,596 [Worker-23: Download sources and javadoc] INFO  o.e.m.c.i.e.AbstractTransferListenerAdapter - Downloaded https://repo.maven.apache.org/maven2/org/apache/logging/log4j/log4j-core/2.17.1/log4j-core-2.17.1-sources.jar
2022-12-12 18:55:08,604 [Worker-23: Download sources and javadoc] INFO  o.e.m.j.internal.DownloadSourcesJob - Downloaded sources for org.apache.logging.log4j:log4j-core:2.17.1
2022-12-12 18:55:08,675 [Worker-23: Download sources and javadoc] INFO  o.e.m.c.i.e.AbstractTransferListenerAdapter - Downloading https://repo.maven.apache.org/maven2/org/apache/logging/log4j/log4j-jcl/2.17.1/log4j-jcl-2.17.1-sources.jar
2022-12-12 18:55:08,767 [Worker-23: Download sources and javadoc] INFO  o.e.m.c.i.e.AbstractTransferListenerAdapter - Downloaded https://repo.maven.apache.org/maven2/org/apache/logging/log4j/log4j-jcl/2.17.1/log4j-jcl-2.17.1-sources.jar
2022-12-12 18:55:08,776 [Worker-23: Download sources and javadoc] INFO  o.e.m.j.internal.DownloadSourcesJob - Downloaded sources for org.apache.logging.log4j:log4j-jcl:2.17.1
2022-12-12 18:55:08,860 [Worker-23: Download sources and javadoc] INFO  o.e.m.c.i.e.AbstractTransferListenerAdapter - Downloading https://repo.maven.apache.org/maven2/org/apache/logging/log4j/log4j-jul/2.17.1/log4j-jul-2.17.1-sources.jar
2022-12-12 18:55:09,004 [Worker-23: Download sources and javadoc] INFO  o.e.m.c.i.e.AbstractTransferListenerAdapter - Downloaded https://repo.maven.apache.org/maven2/org/apache/logging/log4j/log4j-jul/2.17.1/log4j-jul-2.17.1-sources.jar
2022-12-12 18:55:09,011 [Worker-23: Download sources and javadoc] INFO  o.e.m.j.internal.DownloadSourcesJob - Downloaded sources for org.apache.logging.log4j:log4j-jul:2.17.1
2022-12-12 18:55:09,081 [Worker-23: Download sources and javadoc] INFO  o.e.m.c.i.e.AbstractTransferListenerAdapter - Downloading https://repo.maven.apache.org/maven2/org/apache/logging/log4j/log4j-slf4j-impl/2.17.1/log4j-slf4j-impl-2.17.1-sources.jar
2022-12-12 18:55:09,216 [Worker-23: Download sources and javadoc] INFO  o.e.m.c.i.e.AbstractTransferListenerAdapter - Downloaded https://repo.maven.apache.org/maven2/org/apache/logging/log4j/log4j-slf4j-impl/2.17.1/log4j-slf4j-impl-2.17.1-sources.jar
2022-12-12 18:55:09,225 [Worker-23: Download sources and javadoc] INFO  o.e.m.j.internal.DownloadSourcesJob - Downloaded sources for org.apache.logging.log4j:log4j-slf4j-impl:2.17.1
2022-12-12 18:55:09,318 [Worker-23: Download sources and javadoc] INFO  o.e.m.c.i.e.AbstractTransferListenerAdapter - Downloading https://repo.maven.apache.org/maven2/org/exist-db/thirdparty/xerces/xercesImpl/2.12.1/xercesImpl-2.12.1-sources.jar
2022-12-12 18:55:09,605 [Worker-23: Download sources and javadoc] INFO  o.e.m.c.i.e.AbstractTransferListenerAdapter - Downloaded https://repo.maven.apache.org/maven2/org/exist-db/thirdparty/xerces/xercesImpl/2.12.1/xercesImpl-2.12.1-sources.jar
2022-12-12 18:55:09,615 [Worker-23: Download sources and javadoc] INFO  o.e.m.j.internal.DownloadSourcesJob - Downloaded sources for org.exist-db.thirdparty.xerces:xercesImpl:2.12.1xml-schema-1.1
2022-12-12 18:55:09,745 [Worker-23: Download sources and javadoc] INFO  o.e.m.c.i.e.AbstractTransferListenerAdapter - Downloading https://repo.maven.apache.org/maven2/net/sourceforge/nekohtml/nekohtml/1.9.22/nekohtml-1.9.22-sources.jar
2022-12-12 18:55:09,820 [Worker-23: Download sources and javadoc] INFO  o.e.m.c.i.e.AbstractTransferListenerAdapter - Downloaded https://repo.maven.apache.org/maven2/net/sourceforge/nekohtml/nekohtml/1.9.22/nekohtml-1.9.22-sources.jar
2022-12-12 18:55:09,830 [Worker-23: Download sources and javadoc] INFO  o.e.m.j.internal.DownloadSourcesJob - Downloaded sources for net.sourceforge.nekohtml:nekohtml:1.9.22
2022-12-12 18:55:09,922 [Worker-23: Download sources and javadoc] INFO  o.e.m.c.i.e.AbstractTransferListenerAdapter - Downloading https://repo.maven.apache.org/maven2/xml-apis/xml-apis/1.4.01/xml-apis-1.4.01-sources.jar
2022-12-12 18:55:10,071 [Worker-23: Download sources and javadoc] INFO  o.e.m.c.i.e.AbstractTransferListenerAdapter - Downloaded https://repo.maven.apache.org/maven2/xml-apis/xml-apis/1.4.01/xml-apis-1.4.01-sources.jar
2022-12-12 18:55:10,081 [Worker-23: Download sources and javadoc] INFO  o.e.m.j.internal.DownloadSourcesJob - Downloaded sources for xml-apis:xml-apis:1.4.01
2022-12-12 18:55:10,156 [Worker-23: Download sources and javadoc] INFO  o.e.m.c.i.e.AbstractTransferListenerAdapter - Downloading https://repo.maven.apache.org/maven2/org/apache/ws/commons/util/ws-commons-util/1.0.2/ws-commons-util-1.0.2-sources.jar
2022-12-12 18:55:10,268 [Worker-23: Download sources and javadoc] INFO  o.e.m.c.i.e.AbstractTransferListenerAdapter - Downloaded https://repo.maven.apache.org/maven2/org/apache/ws/commons/util/ws-commons-util/1.0.2/ws-commons-util-1.0.2-sources.jar
2022-12-12 18:55:10,282 [Worker-23: Download sources and javadoc] INFO  o.e.m.j.internal.DownloadSourcesJob - Downloaded sources for org.apache.ws.commons.util:ws-commons-util:1.0.2
2022-12-12 18:55:10,365 [Worker-23: Download sources and javadoc] INFO  o.e.m.c.i.e.AbstractTransferListenerAdapter - Downloading https://repo.maven.apache.org/maven2/xml-resolver/xml-resolver/1.2/xml-resolver-1.2-sources.jar
2022-12-12 18:55:10,430 [Worker-23: Download sources and javadoc] INFO  o.e.m.c.i.e.AbstractTransferListenerAdapter - Downloaded https://repo.maven.apache.org/maven2/xml-resolver/xml-resolver/1.2/xml-resolver-1.2-sources.jar
2022-12-12 18:55:10,440 [Worker-23: Download sources and javadoc] INFO  o.e.m.j.internal.DownloadSourcesJob - Downloaded sources for xml-resolver:xml-resolver:1.2
2022-12-12 18:55:10,514 [Worker-23: Download sources and javadoc] INFO  o.e.m.c.i.e.AbstractTransferListenerAdapter - Downloading https://repo.maven.apache.org/maven2/org/exist-db/thirdparty/org/eclipse/wst/xml/xpath2/1.2.0/xpath2-1.2.0-sources.jar
2022-12-12 18:55:10,563 [Worker-23: Download sources and javadoc] INFO  o.e.m.c.i.e.AbstractTransferListenerAdapter - Downloaded https://repo.maven.apache.org/maven2/org/exist-db/thirdparty/org/eclipse/wst/xml/xpath2/1.2.0/xpath2-1.2.0-sources.jar
2022-12-12 18:55:10,575 [Worker-23: Download sources and javadoc] INFO  o.e.m.j.internal.DownloadSourcesJob - Downloaded sources for org.exist-db.thirdparty.org.eclipse.wst.xml:xpath2:1.2.0
2022-12-12 18:55:10,657 [Worker-23: Download sources and javadoc] INFO  o.e.m.c.i.e.AbstractTransferListenerAdapter - Downloading https://repo.maven.apache.org/maven2/edu/princeton/cup/java-cup/10k/java-cup-10k-sources.jar
2022-12-12 18:55:10,732 [Worker-23: Download sources and javadoc] INFO  o.e.m.c.i.e.AbstractTransferListenerAdapter - Downloaded https://repo.maven.apache.org/maven2/edu/princeton/cup/java-cup/10k/java-cup-10k-sources.jar
2022-12-12 18:55:10,744 [Worker-23: Download sources and javadoc] INFO  o.e.m.j.internal.DownloadSourcesJob - Downloaded sources for edu.princeton.cup:java-cup:10k
2022-12-12 18:55:10,825 [Worker-23: Download sources and javadoc] INFO  o.e.m.c.i.e.AbstractTransferListenerAdapter - Downloading https://repo.maven.apache.org/maven2/xalan/xalan/2.7.2/xalan-2.7.2-sources.jar
2022-12-12 18:55:11,280 [Worker-23: Download sources and javadoc] INFO  o.e.m.c.i.e.AbstractTransferListenerAdapter - Downloaded https://repo.maven.apache.org/maven2/xalan/xalan/2.7.2/xalan-2.7.2-sources.jar
2022-12-12 18:55:11,292 [Worker-23: Download sources and javadoc] INFO  o.e.m.j.internal.DownloadSourcesJob - Downloaded sources for xalan:xalan:2.7.2
2022-12-12 18:55:11,377 [Worker-23: Download sources and javadoc] INFO  o.e.m.c.i.e.AbstractTransferListenerAdapter - Downloading https://repo.maven.apache.org/maven2/xalan/serializer/2.7.2/serializer-2.7.2-sources.jar
2022-12-12 18:55:11,813 [Worker-23: Download sources and javadoc] INFO  o.e.m.c.i.e.AbstractTransferListenerAdapter - Downloaded https://repo.maven.apache.org/maven2/xalan/serializer/2.7.2/serializer-2.7.2-sources.jar
2022-12-12 18:55:11,821 [Worker-23: Download sources and javadoc] INFO  o.e.m.j.internal.DownloadSourcesJob - Downloaded sources for xalan:serializer:2.7.2
2022-12-12 18:55:11,901 [Worker-23: Download sources and javadoc] INFO  o.e.m.c.i.e.AbstractTransferListenerAdapter - Downloading https://repo.maven.apache.org/maven2/net/sf/saxon/Saxon-HE/9.9.1-8/Saxon-HE-9.9.1-8-sources.jar
2022-12-12 18:55:12,423 [Worker-23: Download sources and javadoc] INFO  o.e.m.c.i.e.AbstractTransferListenerAdapter - Downloaded https://repo.maven.apache.org/maven2/net/sf/saxon/Saxon-HE/9.9.1-8/Saxon-HE-9.9.1-8-sources.jar
2022-12-12 18:55:12,433 [Worker-23: Download sources and javadoc] INFO  o.e.m.j.internal.DownloadSourcesJob - Downloaded sources for net.sf.saxon:Saxon-HE:9.9.1-8
2022-12-12 18:55:12,497 [Worker-23: Download sources and javadoc] INFO  o.e.m.c.i.e.AbstractTransferListenerAdapter - Downloading https://repo.maven.apache.org/maven2/org/exist-db/exist-saxon-regex/9.4.0-9.e1/exist-saxon-regex-9.4.0-9.e1-sources.jar
2022-12-12 18:55:12,566 [Worker-23: Download sources and javadoc] INFO  o.e.m.c.i.e.AbstractTransferListenerAdapter - Downloaded https://repo.maven.apache.org/maven2/org/exist-db/exist-saxon-regex/9.4.0-9.e1/exist-saxon-regex-9.4.0-9.e1-sources.jar
2022-12-12 18:55:12,575 [Worker-23: Download sources and javadoc] INFO  o.e.m.j.internal.DownloadSourcesJob - Downloaded sources for org.exist-db:exist-saxon-regex:9.4.0-9.e1
2022-12-12 18:55:12,657 [Worker-23: Download sources and javadoc] INFO  o.e.m.c.i.e.AbstractTransferListenerAdapter - Downloading https://repo.maven.apache.org/maven2/com/evolvedbinary/thirdparty/org/apache/xmlrpc/xmlrpc-common/4.0.0/xmlrpc-common-4.0.0-sources.jar
2022-12-12 18:55:12,736 [Worker-23: Download sources and javadoc] INFO  o.e.m.c.i.e.AbstractTransferListenerAdapter - Downloaded https://repo.maven.apache.org/maven2/com/evolvedbinary/thirdparty/org/apache/xmlrpc/xmlrpc-common/4.0.0/xmlrpc-common-4.0.0-sources.jar
2022-12-12 18:55:12,746 [Worker-23: Download sources and javadoc] INFO  o.e.m.j.internal.DownloadSourcesJob - Downloaded sources for com.evolvedbinary.thirdparty.org.apache.xmlrpc:xmlrpc-common:4.0.0
2022-12-12 18:55:12,822 [Worker-23: Download sources and javadoc] INFO  o.e.m.c.i.e.AbstractTransferListenerAdapter - Downloading https://repo.maven.apache.org/maven2/com/evolvedbinary/thirdparty/org/apache/xmlrpc/xmlrpc-client/4.0.0/xmlrpc-client-4.0.0-sources.jar
2022-12-12 18:55:13,008 [Worker-23: Download sources and javadoc] INFO  o.e.m.c.i.e.AbstractTransferListenerAdapter - Downloaded https://repo.maven.apache.org/maven2/com/evolvedbinary/thirdparty/org/apache/xmlrpc/xmlrpc-client/4.0.0/xmlrpc-client-4.0.0-sources.jar
2022-12-12 18:55:13,016 [Worker-23: Download sources and javadoc] INFO  o.e.m.j.internal.DownloadSourcesJob - Downloaded sources for com.evolvedbinary.thirdparty.org.apache.xmlrpc:xmlrpc-client:4.0.0
2022-12-12 18:55:13,094 [Worker-23: Download sources and javadoc] INFO  o.e.m.c.i.e.AbstractTransferListenerAdapter - Downloading https://repo.maven.apache.org/maven2/com/evolvedbinary/thirdparty/org/apache/xmlrpc/xmlrpc-server/4.0.0/xmlrpc-server-4.0.0-sources.jar
2022-12-12 18:55:13,140 [Worker-23: Download sources and javadoc] INFO  o.e.m.c.i.e.AbstractTransferListenerAdapter - Downloaded https://repo.maven.apache.org/maven2/com/evolvedbinary/thirdparty/org/apache/xmlrpc/xmlrpc-server/4.0.0/xmlrpc-server-4.0.0-sources.jar
2022-12-12 18:55:13,156 [Worker-23: Download sources and javadoc] INFO  o.e.m.j.internal.DownloadSourcesJob - Downloaded sources for com.evolvedbinary.thirdparty.org.apache.xmlrpc:xmlrpc-server:4.0.0
2022-12-12 18:55:13,230 [Worker-23: Download sources and javadoc] INFO  o.e.m.c.i.e.AbstractTransferListenerAdapter - Downloading https://repo.maven.apache.org/maven2/org/aspectj/aspectjrt/1.9.8.M1/aspectjrt-1.9.8.M1-sources.jar
2022-12-12 18:55:13,284 [Worker-23: Download sources and javadoc] INFO  o.e.m.c.i.e.AbstractTransferListenerAdapter - Downloaded https://repo.maven.apache.org/maven2/org/aspectj/aspectjrt/1.9.8.M1/aspectjrt-1.9.8.M1-sources.jar
2022-12-12 18:55:13,290 [Worker-23: Download sources and javadoc] INFO  o.e.m.j.internal.DownloadSourcesJob - Downloaded sources for org.aspectj:aspectjrt:1.9.8.M1
2022-12-12 18:55:13,364 [Worker-23: Download sources and javadoc] INFO  o.e.m.c.i.e.AbstractTransferListenerAdapter - Downloading https://repo.maven.apache.org/maven2/org/eclipse/jetty/jetty-jaas/9.4.44.v20210927/jetty-jaas-9.4.44.v20210927-sources.jar
2022-12-12 18:55:13,546 [Worker-23: Download sources and javadoc] INFO  o.e.m.c.i.e.AbstractTransferListenerAdapter - Downloaded https://repo.maven.apache.org/maven2/org/eclipse/jetty/jetty-jaas/9.4.44.v20210927/jetty-jaas-9.4.44.v20210927-sources.jar
2022-12-12 18:55:13,557 [Worker-23: Download sources and javadoc] INFO  o.e.m.j.internal.DownloadSourcesJob - Downloaded sources for org.eclipse.jetty:jetty-jaas:9.4.44.v20210927
2022-12-12 18:55:13,623 [Worker-23: Download sources and javadoc] INFO  o.e.m.c.i.e.AbstractTransferListenerAdapter - Downloading https://repo.maven.apache.org/maven2/org/eclipse/jetty/jetty-http/9.4.44.v20210927/jetty-http-9.4.44.v20210927-sources.jar
2022-12-12 18:55:13,690 [Worker-23: Download sources and javadoc] INFO  o.e.m.c.i.e.AbstractTransferListenerAdapter - Downloaded https://repo.maven.apache.org/maven2/org/eclipse/jetty/jetty-http/9.4.44.v20210927/jetty-http-9.4.44.v20210927-sources.jar
2022-12-12 18:55:13,699 [Worker-23: Download sources and javadoc] INFO  o.e.m.j.internal.DownloadSourcesJob - Downloaded sources for org.eclipse.jetty:jetty-http:9.4.44.v20210927
2022-12-12 18:55:13,765 [Worker-23: Download sources and javadoc] INFO  o.e.m.c.i.e.AbstractTransferListenerAdapter - Downloading https://repo.maven.apache.org/maven2/org/eclipse/jetty/jetty-io/9.4.44.v20210927/jetty-io-9.4.44.v20210927-sources.jar
2022-12-12 18:55:13,830 [Worker-23: Download sources and javadoc] INFO  o.e.m.c.i.e.AbstractTransferListenerAdapter - Downloaded https://repo.maven.apache.org/maven2/org/eclipse/jetty/jetty-io/9.4.44.v20210927/jetty-io-9.4.44.v20210927-sources.jar
2022-12-12 18:55:13,844 [Worker-23: Download sources and javadoc] INFO  o.e.m.j.internal.DownloadSourcesJob - Downloaded sources for org.eclipse.jetty:jetty-io:9.4.44.v20210927
2022-12-12 18:55:13,909 [Worker-23: Download sources and javadoc] INFO  o.e.m.c.i.e.AbstractTransferListenerAdapter - Downloading https://repo.maven.apache.org/maven2/org/eclipse/jetty/jetty-security/9.4.44.v20210927/jetty-security-9.4.44.v20210927-sources.jar
2022-12-12 18:55:13,962 [Worker-23: Download sources and javadoc] INFO  o.e.m.c.i.e.AbstractTransferListenerAdapter - Downloaded https://repo.maven.apache.org/maven2/org/eclipse/jetty/jetty-security/9.4.44.v20210927/jetty-security-9.4.44.v20210927-sources.jar
2022-12-12 18:55:13,974 [Worker-23: Download sources and javadoc] INFO  o.e.m.j.internal.DownloadSourcesJob - Downloaded sources for org.eclipse.jetty:jetty-security:9.4.44.v20210927
2022-12-12 18:55:14,045 [Worker-23: Download sources and javadoc] INFO  o.e.m.c.i.e.AbstractTransferListenerAdapter - Downloading https://repo.maven.apache.org/maven2/org/eclipse/jetty/jetty-server/9.4.44.v20210927/jetty-server-9.4.44.v20210927-sources.jar
2022-12-12 18:55:14,141 [Worker-23: Download sources and javadoc] INFO  o.e.m.c.i.e.AbstractTransferListenerAdapter - Downloaded https://repo.maven.apache.org/maven2/org/eclipse/jetty/jetty-server/9.4.44.v20210927/jetty-server-9.4.44.v20210927-sources.jar
2022-12-12 18:55:14,156 [Worker-23: Download sources and javadoc] INFO  o.e.m.j.internal.DownloadSourcesJob - Downloaded sources for org.eclipse.jetty:jetty-server:9.4.44.v20210927
2022-12-12 18:55:14,256 [Worker-23: Download sources and javadoc] INFO  o.e.m.c.i.e.AbstractTransferListenerAdapter - Downloading https://repo.maven.apache.org/maven2/org/eclipse/jetty/jetty-util/9.4.44.v20210927/jetty-util-9.4.44.v20210927-sources.jar
2022-12-12 18:55:14,367 [Worker-23: Download sources and javadoc] INFO  o.e.m.c.i.e.AbstractTransferListenerAdapter - Downloaded https://repo.maven.apache.org/maven2/org/eclipse/jetty/jetty-util/9.4.44.v20210927/jetty-util-9.4.44.v20210927-sources.jar
2022-12-12 18:55:14,377 [Worker-23: Download sources and javadoc] INFO  o.e.m.j.internal.DownloadSourcesJob - Downloaded sources for org.eclipse.jetty:jetty-util:9.4.44.v20210927
2022-12-12 18:55:14,452 [Worker-23: Download sources and javadoc] INFO  o.e.m.c.i.e.AbstractTransferListenerAdapter - Downloading https://repo.maven.apache.org/maven2/org/expath/packaging/pkg-java/1.6.1/pkg-java-1.6.1-sources.jar
2022-12-12 18:55:14,526 [Worker-23: Download sources and javadoc] INFO  o.e.m.c.i.e.AbstractTransferListenerAdapter - Downloaded https://repo.maven.apache.org/maven2/org/expath/packaging/pkg-java/1.6.1/pkg-java-1.6.1-sources.jar
2022-12-12 18:55:14,548 [Worker-23: Download sources and javadoc] INFO  o.e.m.j.internal.DownloadSourcesJob - Downloaded sources for org.expath.packaging:pkg-java:1.6.1
2022-12-12 18:55:14,627 [Worker-23: Download sources and javadoc] INFO  o.e.m.c.i.e.AbstractTransferListenerAdapter - Downloading https://repo.maven.apache.org/maven2/com/fifesoft/rsyntaxtextarea/3.1.6/rsyntaxtextarea-3.1.6-sources.jar
2022-12-12 18:55:14,820 [Worker-23: Download sources and javadoc] INFO  o.e.m.c.i.e.AbstractTransferListenerAdapter - Downloaded https://repo.maven.apache.org/maven2/com/fifesoft/rsyntaxtextarea/3.1.6/rsyntaxtextarea-3.1.6-sources.jar
2022-12-12 18:55:14,832 [Worker-23: Download sources and javadoc] INFO  o.e.m.j.internal.DownloadSourcesJob - Downloaded sources for com.fifesoft:rsyntaxtextarea:3.1.6
2022-12-12 18:55:14,922 [Worker-23: Download sources and javadoc] INFO  o.e.m.c.i.e.AbstractTransferListenerAdapter - Downloading https://repo.maven.apache.org/maven2/org/quartz-scheduler/quartz/2.3.2/quartz-2.3.2-sources.jar
2022-12-12 18:55:15,041 [Worker-23: Download sources and javadoc] INFO  o.e.m.c.i.e.AbstractTransferListenerAdapter - Downloaded https://repo.maven.apache.org/maven2/org/quartz-scheduler/quartz/2.3.2/quartz-2.3.2-sources.jar
2022-12-12 18:55:15,054 [Worker-23: Download sources and javadoc] INFO  o.e.m.j.internal.DownloadSourcesJob - Downloaded sources for org.quartz-scheduler:quartz:2.3.2
2022-12-12 18:55:15,124 [Worker-23: Download sources and javadoc] INFO  o.e.m.c.i.e.AbstractTransferListenerAdapter - Downloading https://repo.maven.apache.org/maven2/net/sf/xmldb-org/xmldb-api/1.7.0/xmldb-api-1.7.0-sources.jar
2022-12-12 18:55:15,248 [Worker-23: Download sources and javadoc] INFO  o.e.m.c.i.e.AbstractTransferListenerAdapter - Downloaded https://repo.maven.apache.org/maven2/net/sf/xmldb-org/xmldb-api/1.7.0/xmldb-api-1.7.0-sources.jar
2022-12-12 18:55:15,260 [Worker-23: Download sources and javadoc] INFO  o.e.m.j.internal.DownloadSourcesJob - Downloaded sources for net.sf.xmldb-org:xmldb-api:1.7.0
2022-12-12 18:55:15,324 [Worker-23: Download sources and javadoc] INFO  o.e.m.c.i.e.AbstractTransferListenerAdapter - Downloading https://repo.maven.apache.org/maven2/it/unimi/dsi/fastutil/8.5.6/fastutil-8.5.6-sources.jar
2022-12-12 18:55:17,305 [Worker-23: Download sources and javadoc] INFO  o.e.m.c.i.e.AbstractTransferListenerAdapter - Downloaded https://repo.maven.apache.org/maven2/it/unimi/dsi/fastutil/8.5.6/fastutil-8.5.6-sources.jar
2022-12-12 18:55:17,317 [Worker-23: Download sources and javadoc] INFO  o.e.m.j.internal.DownloadSourcesJob - Downloaded sources for it.unimi.dsi:fastutil:8.5.6
2022-12-12 18:55:17,401 [Worker-23: Download sources and javadoc] INFO  o.e.m.c.i.e.AbstractTransferListenerAdapter - Downloading https://repo.maven.apache.org/maven2/io/lacuna/bifurcan/0.2.0-alpha6/bifurcan-0.2.0-alpha6-sources.jar
2022-12-12 18:55:17,540 [Worker-23: Download sources and javadoc] INFO  o.e.m.c.i.e.AbstractTransferListenerAdapter - Downloaded https://repo.maven.apache.org/maven2/io/lacuna/bifurcan/0.2.0-alpha6/bifurcan-0.2.0-alpha6-sources.jar
2022-12-12 18:55:17,551 [Worker-23: Download sources and javadoc] INFO  o.e.m.j.internal.DownloadSourcesJob - Downloaded sources for io.lacuna:bifurcan:0.2.0-alpha6
2022-12-12 18:55:17,639 [Worker-23: Download sources and javadoc] INFO  o.e.m.c.i.e.AbstractTransferListenerAdapter - Downloading https://repo.maven.apache.org/maven2/org/apache/ant/ant/1.10.12/ant-1.10.12-sources.jar
2022-12-12 18:55:17,888 [Worker-23: Download sources and javadoc] INFO  o.e.m.c.i.e.AbstractTransferListenerAdapter - Downloaded https://repo.maven.apache.org/maven2/org/apache/ant/ant/1.10.12/ant-1.10.12-sources.jar
2022-12-12 18:55:17,900 [Worker-23: Download sources and javadoc] INFO  o.e.m.j.internal.DownloadSourcesJob - Downloaded sources for org.apache.ant:ant:1.10.12
2022-12-12 18:55:17,987 [Worker-23: Download sources and javadoc] INFO  o.e.m.c.i.e.AbstractTransferListenerAdapter - Downloading https://repo.maven.apache.org/maven2/org/apache/ant/ant-launcher/1.10.12/ant-launcher-1.10.12-sources.jar
2022-12-12 18:55:18,053 [Worker-23: Download sources and javadoc] INFO  o.e.m.c.i.e.AbstractTransferListenerAdapter - Downloaded https://repo.maven.apache.org/maven2/org/apache/ant/ant-launcher/1.10.12/ant-launcher-1.10.12-sources.jar
2022-12-12 18:55:18,062 [Worker-23: Download sources and javadoc] INFO  o.e.m.j.internal.DownloadSourcesJob - Downloaded sources for org.apache.ant:ant-launcher:1.10.12
2022-12-12 18:55:18,136 [Worker-23: Download sources and javadoc] INFO  o.e.m.c.i.e.AbstractTransferListenerAdapter - Downloading https://repo.maven.apache.org/maven2/junit/junit/4.13.2/junit-4.13.2-sources.jar
2022-12-12 18:55:18,213 [Worker-23: Download sources and javadoc] INFO  o.e.m.c.i.e.AbstractTransferListenerAdapter - Downloaded https://repo.maven.apache.org/maven2/junit/junit/4.13.2/junit-4.13.2-sources.jar
2022-12-12 18:55:18,223 [Worker-23: Download sources and javadoc] INFO  o.e.m.j.internal.DownloadSourcesJob - Downloaded sources for junit:junit:4.13.2
2022-12-12 18:55:18,289 [Worker-23: Download sources and javadoc] INFO  o.e.m.c.i.e.AbstractTransferListenerAdapter - Downloading https://repo.maven.apache.org/maven2/org/hamcrest/hamcrest/2.2/hamcrest-2.2-sources.jar
2022-12-12 18:55:18,347 [Worker-23: Download sources and javadoc] INFO  o.e.m.c.i.e.AbstractTransferListenerAdapter - Downloaded https://repo.maven.apache.org/maven2/org/hamcrest/hamcrest/2.2/hamcrest-2.2-sources.jar
2022-12-12 18:55:18,361 [Worker-23: Download sources and javadoc] INFO  o.e.m.j.internal.DownloadSourcesJob - Downloaded sources for org.hamcrest:hamcrest:2.2
2022-12-12 18:55:18,447 [Worker-23: Download sources and javadoc] INFO  o.e.m.c.i.e.AbstractTransferListenerAdapter - Downloading https://repo.maven.apache.org/maven2/org/xmlunit/xmlunit-core/2.8.4/xmlunit-core-2.8.4-sources.jar
2022-12-12 18:55:18,512 [Worker-23: Download sources and javadoc] INFO  o.e.m.c.i.e.AbstractTransferListenerAdapter - Downloaded https://repo.maven.apache.org/maven2/org/xmlunit/xmlunit-core/2.8.4/xmlunit-core-2.8.4-sources.jar
2022-12-12 18:55:18,522 [Worker-23: Download sources and javadoc] INFO  o.e.m.j.internal.DownloadSourcesJob - Downloaded sources for org.xmlunit:xmlunit-core:2.8.4
2022-12-12 18:55:18,587 [Worker-23: Download sources and javadoc] INFO  o.e.m.c.i.e.AbstractTransferListenerAdapter - Downloading https://repo.maven.apache.org/maven2/org/xmlunit/xmlunit-matchers/2.8.4/xmlunit-matchers-2.8.4-sources.jar
2022-12-12 18:55:18,657 [Worker-23: Download sources and javadoc] INFO  o.e.m.c.i.e.AbstractTransferListenerAdapter - Downloaded https://repo.maven.apache.org/maven2/org/xmlunit/xmlunit-matchers/2.8.4/xmlunit-matchers-2.8.4-sources.jar
2022-12-12 18:55:18,666 [Worker-23: Download sources and javadoc] INFO  o.e.m.j.internal.DownloadSourcesJob - Downloaded sources for org.xmlunit:xmlunit-matchers:2.8.4
2022-12-12 18:55:18,749 [Worker-23: Download sources and javadoc] INFO  o.e.m.c.i.e.AbstractTransferListenerAdapter - Downloading https://repo.maven.apache.org/maven2/commons-fileupload/commons-fileupload/1.4/commons-fileupload-1.4-sources.jar
2022-12-12 18:55:18,819 [Worker-23: Download sources and javadoc] INFO  o.e.m.c.i.e.AbstractTransferListenerAdapter - Downloaded https://repo.maven.apache.org/maven2/commons-fileupload/commons-fileupload/1.4/commons-fileupload-1.4-sources.jar
2022-12-12 18:55:18,831 [Worker-23: Download sources and javadoc] INFO  o.e.m.j.internal.DownloadSourcesJob - Downloaded sources for commons-fileupload:commons-fileupload:1.4
2022-12-12 18:55:18,902 [Worker-23: Download sources and javadoc] INFO  o.e.m.c.i.e.AbstractTransferListenerAdapter - Downloading https://repo.maven.apache.org/maven2/org/eclipse/jetty/jetty-annotations/9.4.44.v20210927/jetty-annotations-9.4.44.v20210927-sources.jar
2022-12-12 18:55:18,951 [Worker-23: Download sources and javadoc] INFO  o.e.m.c.i.e.AbstractTransferListenerAdapter - Downloaded https://repo.maven.apache.org/maven2/org/eclipse/jetty/jetty-annotations/9.4.44.v20210927/jetty-annotations-9.4.44.v20210927-sources.jar
2022-12-12 18:55:18,959 [Worker-23: Download sources and javadoc] INFO  o.e.m.j.internal.DownloadSourcesJob - Downloaded sources for org.eclipse.jetty:jetty-annotations:9.4.44.v20210927
2022-12-12 18:55:19,070 [Worker-23: Download sources and javadoc] INFO  o.e.m.c.i.e.AbstractTransferListenerAdapter - Downloading https://repo.maven.apache.org/maven2/org/eclipse/jetty/jetty-plus/9.4.44.v20210927/jetty-plus-9.4.44.v20210927-sources.jar
2022-12-12 18:55:19,128 [Worker-23: Download sources and javadoc] INFO  o.e.m.c.i.e.AbstractTransferListenerAdapter - Downloaded https://repo.maven.apache.org/maven2/org/eclipse/jetty/jetty-plus/9.4.44.v20210927/jetty-plus-9.4.44.v20210927-sources.jar
2022-12-12 18:55:19,141 [Worker-23: Download sources and javadoc] INFO  o.e.m.j.internal.DownloadSourcesJob - Downloaded sources for org.eclipse.jetty:jetty-plus:9.4.44.v20210927
2022-12-12 18:55:19,236 [Worker-23: Download sources and javadoc] INFO  o.e.m.c.i.e.AbstractTransferListenerAdapter - Downloading https://repo.maven.apache.org/maven2/org/eclipse/jetty/jetty-jndi/9.4.44.v20210927/jetty-jndi-9.4.44.v20210927-sources.jar
2022-12-12 18:55:19,429 [Worker-23: Download sources and javadoc] INFO  o.e.m.c.i.e.AbstractTransferListenerAdapter - Downloaded https://repo.maven.apache.org/maven2/org/eclipse/jetty/jetty-jndi/9.4.44.v20210927/jetty-jndi-9.4.44.v20210927-sources.jar
2022-12-12 18:55:19,436 [Worker-23: Download sources and javadoc] INFO  o.e.m.j.internal.DownloadSourcesJob - Downloaded sources for org.eclipse.jetty:jetty-jndi:9.4.44.v20210927
2022-12-12 18:55:19,516 [Worker-23: Download sources and javadoc] INFO  o.e.m.c.i.e.AbstractTransferListenerAdapter - Downloading https://repo.maven.apache.org/maven2/javax/annotation/javax.annotation-api/1.3.2/javax.annotation-api-1.3.2-sources.jar
2022-12-12 18:55:19,659 [Worker-23: Download sources and javadoc] INFO  o.e.m.c.i.e.AbstractTransferListenerAdapter - Downloaded https://repo.maven.apache.org/maven2/javax/annotation/javax.annotation-api/1.3.2/javax.annotation-api-1.3.2-sources.jar
2022-12-12 18:55:19,669 [Worker-23: Download sources and javadoc] INFO  o.e.m.j.internal.DownloadSourcesJob - Downloaded sources for javax.annotation:javax.annotation-api:1.3.2
2022-12-12 18:55:19,759 [Worker-23: Download sources and javadoc] INFO  o.e.m.c.i.e.AbstractTransferListenerAdapter - Downloading https://repo.maven.apache.org/maven2/org/ow2/asm/asm-commons/9.2/asm-commons-9.2-sources.jar
2022-12-12 18:55:19,821 [Worker-23: Download sources and javadoc] INFO  o.e.m.c.i.e.AbstractTransferListenerAdapter - Downloaded https://repo.maven.apache.org/maven2/org/ow2/asm/asm-commons/9.2/asm-commons-9.2-sources.jar
2022-12-12 18:55:19,829 [Worker-23: Download sources and javadoc] INFO  o.e.m.j.internal.DownloadSourcesJob - Downloaded sources for org.ow2.asm:asm-commons:9.2
2022-12-12 18:55:19,899 [Worker-23: Download sources and javadoc] INFO  o.e.m.c.i.e.AbstractTransferListenerAdapter - Downloading https://repo.maven.apache.org/maven2/org/ow2/asm/asm-tree/9.2/asm-tree-9.2-sources.jar
2022-12-12 18:55:19,965 [Worker-23: Download sources and javadoc] INFO  o.e.m.c.i.e.AbstractTransferListenerAdapter - Downloaded https://repo.maven.apache.org/maven2/org/ow2/asm/asm-tree/9.2/asm-tree-9.2-sources.jar
2022-12-12 18:55:19,978 [Worker-23: Download sources and javadoc] INFO  o.e.m.j.internal.DownloadSourcesJob - Downloaded sources for org.ow2.asm:asm-tree:9.2
2022-12-12 18:55:20,048 [Worker-23: Download sources and javadoc] INFO  o.e.m.c.i.e.AbstractTransferListenerAdapter - Downloading https://repo.maven.apache.org/maven2/org/ow2/asm/asm-analysis/9.2/asm-analysis-9.2-sources.jar
2022-12-12 18:55:20,213 [Worker-23: Download sources and javadoc] INFO  o.e.m.c.i.e.AbstractTransferListenerAdapter - Downloaded https://repo.maven.apache.org/maven2/org/ow2/asm/asm-analysis/9.2/asm-analysis-9.2-sources.jar
2022-12-12 18:55:20,222 [Worker-23: Download sources and javadoc] INFO  o.e.m.j.internal.DownloadSourcesJob - Downloaded sources for org.ow2.asm:asm-analysis:9.2
2022-12-12 18:55:20,308 [Worker-23: Download sources and javadoc] INFO  o.e.m.c.i.e.AbstractTransferListenerAdapter - Downloading https://repo.maven.apache.org/maven2/org/eclipse/jetty/jetty-servlet/9.4.44.v20210927/jetty-servlet-9.4.44.v20210927-sources.jar
2022-12-12 18:55:20,367 [Worker-23: Download sources and javadoc] INFO  o.e.m.c.i.e.AbstractTransferListenerAdapter - Downloaded https://repo.maven.apache.org/maven2/org/eclipse/jetty/jetty-servlet/9.4.44.v20210927/jetty-servlet-9.4.44.v20210927-sources.jar
2022-12-12 18:55:20,378 [Worker-23: Download sources and javadoc] INFO  o.e.m.j.internal.DownloadSourcesJob - Downloaded sources for org.eclipse.jetty:jetty-servlet:9.4.44.v20210927
2022-12-12 18:55:20,449 [Worker-23: Download sources and javadoc] INFO  o.e.m.c.i.e.AbstractTransferListenerAdapter - Downloading https://repo.maven.apache.org/maven2/org/eclipse/jetty/jetty-util-ajax/9.4.44.v20210927/jetty-util-ajax-9.4.44.v20210927-sources.jar
2022-12-12 18:55:20,550 [Worker-23: Download sources and javadoc] INFO  o.e.m.c.i.e.AbstractTransferListenerAdapter - Downloaded https://repo.maven.apache.org/maven2/org/eclipse/jetty/jetty-util-ajax/9.4.44.v20210927/jetty-util-ajax-9.4.44.v20210927-sources.jar
2022-12-12 18:55:20,559 [Worker-23: Download sources and javadoc] INFO  o.e.m.j.internal.DownloadSourcesJob - Downloaded sources for org.eclipse.jetty:jetty-util-ajax:9.4.44.v20210927
2022-12-12 18:55:20,623 [Worker-23: Download sources and javadoc] INFO  o.e.m.c.i.e.AbstractTransferListenerAdapter - Downloading https://repo.maven.apache.org/maven2/org/eclipse/jetty/jetty-webapp/9.4.44.v20210927/jetty-webapp-9.4.44.v20210927-sources.jar
2022-12-12 18:55:20,684 [Worker-23: Download sources and javadoc] INFO  o.e.m.c.i.e.AbstractTransferListenerAdapter - Downloaded https://repo.maven.apache.org/maven2/org/eclipse/jetty/jetty-webapp/9.4.44.v20210927/jetty-webapp-9.4.44.v20210927-sources.jar
2022-12-12 18:55:20,697 [Worker-23: Download sources and javadoc] INFO  o.e.m.j.internal.DownloadSourcesJob - Downloaded sources for org.eclipse.jetty:jetty-webapp:9.4.44.v20210927
2022-12-12 18:55:20,767 [Worker-23: Download sources and javadoc] INFO  o.e.m.c.i.e.AbstractTransferListenerAdapter - Downloading https://repo.maven.apache.org/maven2/org/eclipse/jetty/jetty-xml/9.4.44.v20210927/jetty-xml-9.4.44.v20210927-sources.jar
2022-12-12 18:55:20,921 [Worker-23: Download sources and javadoc] INFO  o.e.m.c.i.e.AbstractTransferListenerAdapter - Downloaded https://repo.maven.apache.org/maven2/org/eclipse/jetty/jetty-xml/9.4.44.v20210927/jetty-xml-9.4.44.v20210927-sources.jar
2022-12-12 18:55:20,932 [Worker-23: Download sources and javadoc] INFO  o.e.m.j.internal.DownloadSourcesJob - Downloaded sources for org.eclipse.jetty:jetty-xml:9.4.44.v20210927
2022-12-12 18:55:21,265 [Worker-28: Building] WARN  o.e.m.c.i.embedder.EclipseLogger - Using platform encoding (UTF-8 actually) to copy filtered resources, i.e. build is platform dependent!
2022-12-12 18:55:21,266 [Worker-28: Building] INFO  o.e.m.c.i.embedder.EclipseLogger - Copying 0 resource
2022-12-12 18:55:21,269 [Worker-28: Building] WARN  o.e.m.c.i.embedder.EclipseLogger - Using platform encoding (UTF-8 actually) to copy filtered resources, i.e. build is platform dependent!
2022-12-12 18:55:21,270 [Worker-28: Building] INFO  o.e.m.c.i.embedder.EclipseLogger - Copying 0 resource
2022-12-12 18:56:40,721 [Worker-32: Building] WARN  o.e.m.c.i.embedder.EclipseLogger - Using platform encoding (UTF-8 actually) to copy filtered resources, i.e. build is platform dependent!
2022-12-12 18:56:40,723 [Worker-32: Building] INFO  o.e.m.c.i.embedder.EclipseLogger - Copying 0 resource
2022-12-12 18:56:40,726 [Worker-32: Building] WARN  o.e.m.c.i.embedder.EclipseLogger - Using platform encoding (UTF-8 actually) to copy filtered resources, i.e. build is platform dependent!
2022-12-12 18:56:40,731 [Worker-32: Building] INFO  o.e.m.c.i.embedder.EclipseLogger - Copying 0 resource
2022-12-12 19:08:55,692 [Worker-34: Building] WARN  o.e.m.c.i.embedder.EclipseLogger - Using platform encoding (UTF-8 actually) to copy filtered resources, i.e. build is platform dependent!
2022-12-12 19:08:55,693 [Worker-34: Building] INFO  o.e.m.c.i.embedder.EclipseLogger - Copying 0 resource
2022-12-12 19:08:55,696 [Worker-34: Building] WARN  o.e.m.c.i.embedder.EclipseLogger - Using platform encoding (UTF-8 actually) to copy filtered resources, i.e. build is platform dependent!
2022-12-12 19:08:55,698 [Worker-34: Building] INFO  o.e.m.c.i.embedder.EclipseLogger - Copying 0 resource
2022-12-12 19:09:47,542 [Worker-34: Building] WARN  o.e.m.c.i.embedder.EclipseLogger - Using platform encoding (UTF-8 actually) to copy filtered resources, i.e. build is platform dependent!
2022-12-12 19:09:47,544 [Worker-34: Building] INFO  o.e.m.c.i.embedder.EclipseLogger - Copying 0 resource
2022-12-12 19:09:47,550 [Worker-34: Building] WARN  o.e.m.c.i.embedder.EclipseLogger - Using platform encoding (UTF-8 actually) to copy filtered resources, i.e. build is platform dependent!
2022-12-12 19:09:47,551 [Worker-34: Building] INFO  o.e.m.c.i.embedder.EclipseLogger - Copying 0 resource
2022-12-12 19:09:48,567 [Worker-36: Building] WARN  o.e.m.c.i.embedder.EclipseLogger - Using platform encoding (UTF-8 actually) to copy filtered resources, i.e. build is platform dependent!
2022-12-12 19:09:48,568 [Worker-36: Building] INFO  o.e.m.c.i.embedder.EclipseLogger - Copying 0 resource
2022-12-12 19:09:48,569 [Worker-36: Building] WARN  o.e.m.c.i.embedder.EclipseLogger - Using platform encoding (UTF-8 actually) to copy filtered resources, i.e. build is platform dependent!
2022-12-12 19:09:48,570 [Worker-36: Building] INFO  o.e.m.c.i.embedder.EclipseLogger - Copying 0 resource
2022-12-12 19:40:27,283 [Worker-41: Building] WARN  o.e.m.c.i.embedder.EclipseLogger - Using platform encoding (UTF-8 actually) to copy filtered resources, i.e. build is platform dependent!
2022-12-12 19:40:27,285 [Worker-41: Building] INFO  o.e.m.c.i.embedder.EclipseLogger - Copying 0 resource
2022-12-12 19:40:27,287 [Worker-41: Building] WARN  o.e.m.c.i.embedder.EclipseLogger - Using platform encoding (UTF-8 actually) to copy filtered resources, i.e. build is platform dependent!
2022-12-12 19:40:27,287 [Worker-41: Building] INFO  o.e.m.c.i.embedder.EclipseLogger - Copying 0 resource
2022-12-12 19:40:33,497 [Worker-43: Updating Maven Project] INFO  o.e.m.c.i.p.ProjectConfigurationManager - Update started
2022-12-12 19:40:33,667 [Worker-43: Updating Maven Project] INFO  o.e.m.c.i.l.LifecycleMappingFactory - Using org.eclipse.m2e.jdt.JarLifecycleMapping lifecycle mapping for MavenProject: cat.montilivi.mcuesta:practicaExist:0.0.1-SNAPSHOT @ C:\Users\miick\Documents\DAM2\M6\UF3\practicaExistXPath\practicaExist\pom.xml.
2022-12-12 19:40:33,919 [Worker-43: Updating Maven Project] INFO  o.e.m.j.i.AbstractJavaProjectConfigurator - Adding source folder /practicaExist/src/main/java
2022-12-12 19:40:33,919 [Worker-43: Updating Maven Project] INFO  o.e.m.j.i.AbstractJavaProjectConfigurator - Adding resource folder /practicaExist/src/main/resources
2022-12-12 19:40:33,920 [Worker-43: Updating Maven Project] INFO  o.e.m.j.i.AbstractJavaProjectConfigurator - Adding source folder /practicaExist/src/test/java
2022-12-12 19:40:33,920 [Worker-43: Updating Maven Project] INFO  o.e.m.j.i.AbstractJavaProjectConfigurator - Adding resource folder /practicaExist/src/test/resources
2022-12-12 19:40:34,044 [Worker-43: Updating Maven Project] INFO  o.e.m.c.i.p.ProjectConfigurationManager - Update completed: 0 sec
2022-12-12 19:40:34,231 [Worker-37: Building] WARN  o.e.m.c.i.embedder.EclipseLogger - Using platform encoding (UTF-8 actually) to copy filtered resources, i.e. build is platform dependent!
2022-12-12 19:40:34,232 [Worker-37: Building] INFO  o.e.m.c.i.embedder.EclipseLogger - Copying 0 resource
2022-12-12 19:40:34,234 [Worker-37: Building] WARN  o.e.m.c.i.embedder.EclipseLogger - Using platform encoding (UTF-8 actually) to copy filtered resources, i.e. build is platform dependent!
2022-12-12 19:40:34,235 [Worker-37: Building] INFO  o.e.m.c.i.embedder.EclipseLogger - Copying 0 resource
2022-12-12 19:40:35,077 [Worker-37: Download sources and javadoc] INFO  o.e.m.c.i.e.AbstractTransferListenerAdapter - Downloaded https://repo.maven.apache.org/maven2/isorelax/isorelax/20030108/isorelax-20030108-javadoc.jar
2022-12-12 19:40:35,079 [Worker-37: Download sources and javadoc] ERROR o.e.m.j.internal.DownloadSourcesJob - Could not download javadoc for isorelax:isorelax:20030108
org.eclipse.core.runtime.CoreException: Could not resolve artifact isorelax:isorelax:jar:javadoc:20030108
	at org.eclipse.m2e.core.internal.embedder.MavenImpl.lambda$6(MavenImpl.java:608) ~[na:na]
	at org.eclipse.m2e.core.internal.embedder.MavenExecutionContext.executeBare(MavenExecutionContext.java:350) ~[na:na]
	at org.eclipse.m2e.core.internal.embedder.MavenExecutionContext.execute(MavenExecutionContext.java:219) ~[na:na]
	at org.eclipse.m2e.core.internal.embedder.MavenExecutionContext.execute(MavenExecutionContext.java:205) ~[na:na]
	at org.eclipse.m2e.core.internal.embedder.MavenImpl.resolve(MavenImpl.java:577) ~[na:na]
	at org.eclipse.m2e.core.internal.embedder.MavenImpl.resolve(MavenImpl.java:562) ~[na:na]
	at org.eclipse.m2e.jdt.internal.DownloadSourcesJob.download(DownloadSourcesJob.java:308) ~[na:na]
	at org.eclipse.m2e.jdt.internal.DownloadSourcesJob.downloadAttachments(DownloadSourcesJob.java:294) ~[na:na]
	at org.eclipse.m2e.jdt.internal.DownloadSourcesJob.downloadMaven(DownloadSourcesJob.java:252) ~[na:na]
	at org.eclipse.m2e.jdt.internal.DownloadSourcesJob.downloadFilesAndPopulateToUpdate(DownloadSourcesJob.java:220) ~[na:na]
	at org.eclipse.m2e.jdt.internal.DownloadSourcesJob.lambda$0(DownloadSourcesJob.java:149) ~[na:na]
	at org.eclipse.m2e.core.internal.embedder.MavenExecutionContext.executeBare(MavenExecutionContext.java:350) ~[na:na]
	at org.eclipse.m2e.core.internal.embedder.MavenExecutionContext.execute(MavenExecutionContext.java:262) ~[na:na]
	at org.eclipse.m2e.core.internal.embedder.MavenExecutionContext.execute(MavenExecutionContext.java:205) ~[na:na]
	at org.eclipse.m2e.core.embedder.IMaven.execute(IMaven.java:270) ~[na:na]
	at org.eclipse.m2e.jdt.internal.DownloadSourcesJob.run(DownloadSourcesJob.java:149) ~[na:na]
	at org.eclipse.core.internal.jobs.Worker.run(Worker.java:63) ~[org.eclipse.core.jobs_3.13.100.v20220817-1539.jar:na]
2022-12-12 19:45:12,931 [Worker-43: Building] WARN  o.e.m.c.i.embedder.EclipseLogger - Using platform encoding (UTF-8 actually) to copy filtered resources, i.e. build is platform dependent!
2022-12-12 19:45:12,934 [Worker-43: Building] INFO  o.e.m.c.i.embedder.EclipseLogger - Copying 0 resource
2022-12-12 19:45:12,935 [Worker-43: Building] WARN  o.e.m.c.i.embedder.EclipseLogger - Using platform encoding (UTF-8 actually) to copy filtered resources, i.e. build is platform dependent!
2022-12-12 19:45:12,936 [Worker-43: Building] INFO  o.e.m.c.i.embedder.EclipseLogger - Copying 0 resource
2022-12-12 19:53:14,342 [Worker-37: Building] WARN  o.e.m.c.i.embedder.EclipseLogger - Using platform encoding (UTF-8 actually) to copy filtered resources, i.e. build is platform dependent!
2022-12-12 19:53:14,343 [Worker-37: Building] INFO  o.e.m.c.i.embedder.EclipseLogger - Copying 0 resource
2022-12-12 19:53:14,344 [Worker-37: Building] WARN  o.e.m.c.i.embedder.EclipseLogger - Using platform encoding (UTF-8 actually) to copy filtered resources, i.e. build is platform dependent!
2022-12-12 19:53:14,345 [Worker-37: Building] INFO  o.e.m.c.i.embedder.EclipseLogger - Copying 0 resource
2022-12-12 19:53:39,559 [Worker-43: Building] WARN  o.e.m.c.i.embedder.EclipseLogger - Using platform encoding (UTF-8 actually) to copy filtered resources, i.e. build is platform dependent!
2022-12-12 19:53:39,560 [Worker-43: Building] INFO  o.e.m.c.i.embedder.EclipseLogger - Copying 0 resource
2022-12-12 19:53:39,562 [Worker-43: Building] WARN  o.e.m.c.i.embedder.EclipseLogger - Using platform encoding (UTF-8 actually) to copy filtered resources, i.e. build is platform dependent!
2022-12-12 19:53:39,563 [Worker-43: Building] INFO  o.e.m.c.i.embedder.EclipseLogger - Copying 0 resource
2022-12-12 20:03:59,285 [Worker-51: Building] WARN  o.e.m.c.i.embedder.EclipseLogger - Using platform encoding (UTF-8 actually) to copy filtered resources, i.e. build is platform dependent!
2022-12-12 20:03:59,287 [Worker-51: Building] INFO  o.e.m.c.i.embedder.EclipseLogger - Copying 0 resource
2022-12-12 20:03:59,289 [Worker-51: Building] WARN  o.e.m.c.i.embedder.EclipseLogger - Using platform encoding (UTF-8 actually) to copy filtered resources, i.e. build is platform dependent!
2022-12-12 20:03:59,291 [Worker-51: Building] INFO  o.e.m.c.i.embedder.EclipseLogger - Copying 0 resource
2022-12-17 10:42:13,854 [Worker-1: Loading available Gradle versions] INFO  o.e.b.c.i.u.g.PublishedGradleVersions - Gradle version information cache is out-of-date. Trying to update.
2022-12-17 11:32:01,098 [Worker-23: Building] WARN  o.e.m.c.i.embedder.EclipseLogger - Using platform encoding (UTF-8 actually) to copy filtered resources, i.e. build is platform dependent!
2022-12-17 11:32:01,144 [Worker-23: Building] INFO  o.e.m.c.i.embedder.EclipseLogger - Copying 0 resource
2022-12-17 11:32:01,147 [Worker-23: Building] WARN  o.e.m.c.i.embedder.EclipseLogger - Using platform encoding (UTF-8 actually) to copy filtered resources, i.e. build is platform dependent!
2022-12-17 11:32:01,148 [Worker-23: Building] INFO  o.e.m.c.i.embedder.EclipseLogger - Copying 0 resource
2022-12-17 11:33:52,134 [Worker-2: Loading available Gradle versions] INFO  o.e.b.c.i.u.g.PublishedGradleVersions - Gradle version information cache is up-to-date. Trying to read.
2022-12-17 11:34:55,963 [Worker-2: Loading available Gradle versions] INFO  o.e.b.c.i.u.g.PublishedGradleVersions - Gradle version information cache is up-to-date. Trying to read.
2022-12-17 11:35:47,566 [Worker-9: Launching Main] WARN  o.e.m.c.i.embedder.EclipseLogger - Using platform encoding (UTF-8 actually) to copy filtered resources, i.e. build is platform dependent!
2022-12-17 11:35:47,570 [Worker-9: Launching Main] INFO  o.e.m.c.i.embedder.EclipseLogger - Copying 0 resource
2022-12-17 11:35:47,573 [Worker-9: Launching Main] WARN  o.e.m.c.i.embedder.EclipseLogger - Using platform encoding (UTF-8 actually) to copy filtered resources, i.e. build is platform dependent!
2022-12-17 11:35:47,574 [Worker-9: Launching Main] INFO  o.e.m.c.i.embedder.EclipseLogger - Copying 0 resource
2022-12-17 11:59:44,486 [Worker-30: Building] WARN  o.e.m.c.i.embedder.EclipseLogger - Using platform encoding (UTF-8 actually) to copy filtered resources, i.e. build is platform dependent!
2022-12-17 11:59:44,488 [Worker-30: Building] INFO  o.e.m.c.i.embedder.EclipseLogger - Copying 0 resource
2022-12-17 11:59:44,490 [Worker-30: Building] WARN  o.e.m.c.i.embedder.EclipseLogger - Using platform encoding (UTF-8 actually) to copy filtered resources, i.e. build is platform dependent!
2022-12-17 11:59:44,491 [Worker-30: Building] INFO  o.e.m.c.i.embedder.EclipseLogger - Copying 0 resource
2022-12-17 11:59:56,914 [Worker-32: Building] WARN  o.e.m.c.i.embedder.EclipseLogger - Using platform encoding (UTF-8 actually) to copy filtered resources, i.e. build is platform dependent!
2022-12-17 11:59:56,914 [Worker-32: Building] INFO  o.e.m.c.i.embedder.EclipseLogger - Copying 0 resource
2022-12-17 11:59:56,916 [Worker-32: Building] WARN  o.e.m.c.i.embedder.EclipseLogger - Using platform encoding (UTF-8 actually) to copy filtered resources, i.e. build is platform dependent!
2022-12-17 11:59:56,916 [Worker-32: Building] INFO  o.e.m.c.i.embedder.EclipseLogger - Copying 0 resource
2022-12-17 12:29:27,709 [Worker-34: Building] WARN  o.e.m.c.i.embedder.EclipseLogger - Using platform encoding (UTF-8 actually) to copy filtered resources, i.e. build is platform dependent!
2022-12-17 12:29:27,719 [Worker-34: Building] INFO  o.e.m.c.i.embedder.EclipseLogger - Copying 0 resource
2022-12-17 12:29:27,721 [Worker-34: Building] WARN  o.e.m.c.i.embedder.EclipseLogger - Using platform encoding (UTF-8 actually) to copy filtered resources, i.e. build is platform dependent!
2022-12-17 12:29:27,723 [Worker-34: Building] INFO  o.e.m.c.i.embedder.EclipseLogger - Copying 0 resource
2022-12-17 12:55:46,848 [Worker-42: Building] WARN  o.e.m.c.i.embedder.EclipseLogger - Using platform encoding (UTF-8 actually) to copy filtered resources, i.e. build is platform dependent!
2022-12-17 12:55:46,851 [Worker-42: Building] INFO  o.e.m.c.i.embedder.EclipseLogger - Copying 0 resource
2022-12-17 12:55:46,853 [Worker-42: Building] WARN  o.e.m.c.i.embedder.EclipseLogger - Using platform encoding (UTF-8 actually) to copy filtered resources, i.e. build is platform dependent!
2022-12-17 12:55:46,854 [Worker-42: Building] INFO  o.e.m.c.i.embedder.EclipseLogger - Copying 0 resource
2022-12-17 12:58:24,698 [Worker-49: Launching Main] WARN  o.e.m.c.i.embedder.EclipseLogger - Using platform encoding (UTF-8 actually) to copy filtered resources, i.e. build is platform dependent!
2022-12-17 12:58:24,702 [Worker-49: Launching Main] INFO  o.e.m.c.i.embedder.EclipseLogger - Copying 0 resource
2022-12-17 12:58:24,705 [Worker-49: Launching Main] WARN  o.e.m.c.i.embedder.EclipseLogger - Using platform encoding (UTF-8 actually) to copy filtered resources, i.e. build is platform dependent!
2022-12-17 12:58:24,706 [Worker-49: Launching Main] INFO  o.e.m.c.i.embedder.EclipseLogger - Copying 0 resource
2022-12-17 12:58:47,430 [Worker-52: Building] WARN  o.e.m.c.i.embedder.EclipseLogger - Using platform encoding (UTF-8 actually) to copy filtered resources, i.e. build is platform dependent!
2022-12-17 12:58:47,431 [Worker-52: Building] INFO  o.e.m.c.i.embedder.EclipseLogger - Copying 0 resource
2022-12-17 12:58:47,435 [Worker-52: Building] WARN  o.e.m.c.i.embedder.EclipseLogger - Using platform encoding (UTF-8 actually) to copy filtered resources, i.e. build is platform dependent!
2022-12-17 12:58:47,437 [Worker-52: Building] INFO  o.e.m.c.i.embedder.EclipseLogger - Copying 0 resource
2022-12-17 13:56:11,918 [Worker-62: Building] WARN  o.e.m.c.i.embedder.EclipseLogger - Using platform encoding (UTF-8 actually) to copy filtered resources, i.e. build is platform dependent!
2022-12-17 13:56:11,920 [Worker-62: Building] INFO  o.e.m.c.i.embedder.EclipseLogger - Copying 0 resource
2022-12-17 13:56:11,922 [Worker-62: Building] WARN  o.e.m.c.i.embedder.EclipseLogger - Using platform encoding (UTF-8 actually) to copy filtered resources, i.e. build is platform dependent!
2022-12-17 13:56:11,923 [Worker-62: Building] INFO  o.e.m.c.i.embedder.EclipseLogger - Copying 0 resource
2022-12-17 14:15:56,546 [Worker-71: Building] WARN  o.e.m.c.i.embedder.EclipseLogger - Using platform encoding (UTF-8 actually) to copy filtered resources, i.e. build is platform dependent!
2022-12-17 14:15:56,548 [Worker-71: Building] INFO  o.e.m.c.i.embedder.EclipseLogger - Copying 0 resource
2022-12-17 14:15:56,550 [Worker-71: Building] WARN  o.e.m.c.i.embedder.EclipseLogger - Using platform encoding (UTF-8 actually) to copy filtered resources, i.e. build is platform dependent!
2022-12-17 14:15:56,551 [Worker-71: Building] INFO  o.e.m.c.i.embedder.EclipseLogger - Copying 0 resource
2022-12-17 14:17:42,420 [Worker-73: Building] WARN  o.e.m.c.i.embedder.EclipseLogger - Using platform encoding (UTF-8 actually) to copy filtered resources, i.e. build is platform dependent!
2022-12-17 14:17:42,421 [Worker-73: Building] INFO  o.e.m.c.i.embedder.EclipseLogger - Copying 0 resource
2022-12-17 14:17:42,423 [Worker-73: Building] WARN  o.e.m.c.i.embedder.EclipseLogger - Using platform encoding (UTF-8 actually) to copy filtered resources, i.e. build is platform dependent!
2022-12-17 14:17:42,424 [Worker-73: Building] INFO  o.e.m.c.i.embedder.EclipseLogger - Copying 0 resource
2022-12-17 14:17:51,005 [Worker-70: Building] WARN  o.e.m.c.i.embedder.EclipseLogger - Using platform encoding (UTF-8 actually) to copy filtered resources, i.e. build is platform dependent!
2022-12-17 14:17:51,006 [Worker-70: Building] INFO  o.e.m.c.i.embedder.EclipseLogger - Copying 0 resource
2022-12-17 14:17:51,008 [Worker-70: Building] WARN  o.e.m.c.i.embedder.EclipseLogger - Using platform encoding (UTF-8 actually) to copy filtered resources, i.e. build is platform dependent!
2022-12-17 14:17:51,009 [Worker-70: Building] INFO  o.e.m.c.i.embedder.EclipseLogger - Copying 0 resource
2022-12-17 14:19:30,797 [Worker-70: Launching Main] WARN  o.e.m.c.i.embedder.EclipseLogger - Using platform encoding (UTF-8 actually) to copy filtered resources, i.e. build is platform dependent!
2022-12-17 14:19:30,799 [Worker-70: Launching Main] INFO  o.e.m.c.i.embedder.EclipseLogger - Copying 0 resource
2022-12-17 14:19:30,801 [Worker-70: Launching Main] WARN  o.e.m.c.i.embedder.EclipseLogger - Using platform encoding (UTF-8 actually) to copy filtered resources, i.e. build is platform dependent!
2022-12-17 14:19:30,801 [Worker-70: Launching Main] INFO  o.e.m.c.i.embedder.EclipseLogger - Copying 0 resource
2022-12-17 14:20:05,644 [Worker-73: Launching Main] WARN  o.e.m.c.i.embedder.EclipseLogger - Using platform encoding (UTF-8 actually) to copy filtered resources, i.e. build is platform dependent!
2022-12-17 14:20:05,646 [Worker-73: Launching Main] INFO  o.e.m.c.i.embedder.EclipseLogger - Copying 0 resource
2022-12-17 14:20:05,648 [Worker-73: Launching Main] WARN  o.e.m.c.i.embedder.EclipseLogger - Using platform encoding (UTF-8 actually) to copy filtered resources, i.e. build is platform dependent!
2022-12-17 14:20:05,648 [Worker-73: Launching Main] INFO  o.e.m.c.i.embedder.EclipseLogger - Copying 0 resource
2022-12-17 14:20:59,086 [Worker-62: Building] WARN  o.e.m.c.i.embedder.EclipseLogger - Using platform encoding (UTF-8 actually) to copy filtered resources, i.e. build is platform dependent!
2022-12-17 14:20:59,087 [Worker-62: Building] INFO  o.e.m.c.i.embedder.EclipseLogger - Copying 0 resource
2022-12-17 14:20:59,089 [Worker-62: Building] WARN  o.e.m.c.i.embedder.EclipseLogger - Using platform encoding (UTF-8 actually) to copy filtered resources, i.e. build is platform dependent!
2022-12-17 14:20:59,089 [Worker-62: Building] INFO  o.e.m.c.i.embedder.EclipseLogger - Copying 0 resource
2022-12-17 14:27:30,475 [Worker-81: Launching Main] WARN  o.e.m.c.i.embedder.EclipseLogger - Using platform encoding (UTF-8 actually) to copy filtered resources, i.e. build is platform dependent!
2022-12-17 14:27:30,478 [Worker-81: Launching Main] INFO  o.e.m.c.i.embedder.EclipseLogger - Copying 0 resource
2022-12-17 14:27:30,481 [Worker-81: Launching Main] WARN  o.e.m.c.i.embedder.EclipseLogger - Using platform encoding (UTF-8 actually) to copy filtered resources, i.e. build is platform dependent!
2022-12-17 14:27:30,482 [Worker-81: Launching Main] INFO  o.e.m.c.i.embedder.EclipseLogger - Copying 0 resource
2022-12-17 14:29:20,883 [Worker-83: Launching Main] WARN  o.e.m.c.i.embedder.EclipseLogger - Using platform encoding (UTF-8 actually) to copy filtered resources, i.e. build is platform dependent!
2022-12-17 14:29:20,884 [Worker-83: Launching Main] INFO  o.e.m.c.i.embedder.EclipseLogger - Copying 0 resource
2022-12-17 14:29:20,886 [Worker-83: Launching Main] WARN  o.e.m.c.i.embedder.EclipseLogger - Using platform encoding (UTF-8 actually) to copy filtered resources, i.e. build is platform dependent!
2022-12-17 14:29:20,887 [Worker-83: Launching Main] INFO  o.e.m.c.i.embedder.EclipseLogger - Copying 0 resource
2022-12-17 14:29:50,172 [Worker-83: Launching Main] WARN  o.e.m.c.i.embedder.EclipseLogger - Using platform encoding (UTF-8 actually) to copy filtered resources, i.e. build is platform dependent!
2022-12-17 14:29:50,173 [Worker-83: Launching Main] INFO  o.e.m.c.i.embedder.EclipseLogger - Copying 0 resource
2022-12-17 14:29:50,175 [Worker-83: Launching Main] WARN  o.e.m.c.i.embedder.EclipseLogger - Using platform encoding (UTF-8 actually) to copy filtered resources, i.e. build is platform dependent!
2022-12-17 14:29:50,176 [Worker-83: Launching Main] INFO  o.e.m.c.i.embedder.EclipseLogger - Copying 0 resource
2022-12-17 14:30:08,870 [Worker-83: Launching Main] WARN  o.e.m.c.i.embedder.EclipseLogger - Using platform encoding (UTF-8 actually) to copy filtered resources, i.e. build is platform dependent!
2022-12-17 14:30:08,871 [Worker-83: Launching Main] INFO  o.e.m.c.i.embedder.EclipseLogger - Copying 0 resource
2022-12-17 14:30:08,873 [Worker-83: Launching Main] WARN  o.e.m.c.i.embedder.EclipseLogger - Using platform encoding (UTF-8 actually) to copy filtered resources, i.e. build is platform dependent!
2022-12-17 14:30:08,874 [Worker-83: Launching Main] INFO  o.e.m.c.i.embedder.EclipseLogger - Copying 0 resource
2022-12-17 15:02:49,020 [Worker-77: Launching Main] WARN  o.e.m.c.i.embedder.EclipseLogger - Using platform encoding (UTF-8 actually) to copy filtered resources, i.e. build is platform dependent!
2022-12-17 15:02:49,023 [Worker-77: Launching Main] INFO  o.e.m.c.i.embedder.EclipseLogger - Copying 0 resource
2022-12-17 15:02:49,025 [Worker-77: Launching Main] WARN  o.e.m.c.i.embedder.EclipseLogger - Using platform encoding (UTF-8 actually) to copy filtered resources, i.e. build is platform dependent!
2022-12-17 15:02:49,026 [Worker-77: Launching Main] INFO  o.e.m.c.i.embedder.EclipseLogger - Copying 0 resource
2022-12-17 15:08:35,594 [Worker-89: Launching Main] WARN  o.e.m.c.i.embedder.EclipseLogger - Using platform encoding (UTF-8 actually) to copy filtered resources, i.e. build is platform dependent!
2022-12-17 15:08:35,596 [Worker-89: Launching Main] INFO  o.e.m.c.i.embedder.EclipseLogger - Copying 0 resource
2022-12-17 15:08:35,599 [Worker-89: Launching Main] WARN  o.e.m.c.i.embedder.EclipseLogger - Using platform encoding (UTF-8 actually) to copy filtered resources, i.e. build is platform dependent!
2022-12-17 15:08:35,601 [Worker-89: Launching Main] INFO  o.e.m.c.i.embedder.EclipseLogger - Copying 0 resource
2022-12-17 15:09:12,580 [Worker-90: Launching Main] WARN  o.e.m.c.i.embedder.EclipseLogger - Using platform encoding (UTF-8 actually) to copy filtered resources, i.e. build is platform dependent!
2022-12-17 15:09:12,581 [Worker-90: Launching Main] INFO  o.e.m.c.i.embedder.EclipseLogger - Copying 0 resource
2022-12-17 15:09:12,583 [Worker-90: Launching Main] WARN  o.e.m.c.i.embedder.EclipseLogger - Using platform encoding (UTF-8 actually) to copy filtered resources, i.e. build is platform dependent!
2022-12-17 15:09:12,584 [Worker-90: Launching Main] INFO  o.e.m.c.i.embedder.EclipseLogger - Copying 0 resource
2022-12-17 15:10:13,269 [Worker-86: Launching Main] WARN  o.e.m.c.i.embedder.EclipseLogger - Using platform encoding (UTF-8 actually) to copy filtered resources, i.e. build is platform dependent!
2022-12-17 15:10:13,270 [Worker-86: Launching Main] INFO  o.e.m.c.i.embedder.EclipseLogger - Copying 0 resource
2022-12-17 15:10:13,275 [Worker-86: Launching Main] WARN  o.e.m.c.i.embedder.EclipseLogger - Using platform encoding (UTF-8 actually) to copy filtered resources, i.e. build is platform dependent!
2022-12-17 15:10:13,277 [Worker-86: Launching Main] INFO  o.e.m.c.i.embedder.EclipseLogger - Copying 0 resource
2022-12-17 15:12:27,730 [Worker-90: Launching Main] WARN  o.e.m.c.i.embedder.EclipseLogger - Using platform encoding (UTF-8 actually) to copy filtered resources, i.e. build is platform dependent!
2022-12-17 15:12:27,731 [Worker-90: Launching Main] INFO  o.e.m.c.i.embedder.EclipseLogger - Copying 0 resource
2022-12-17 15:12:27,733 [Worker-90: Launching Main] WARN  o.e.m.c.i.embedder.EclipseLogger - Using platform encoding (UTF-8 actually) to copy filtered resources, i.e. build is platform dependent!
2022-12-17 15:12:27,734 [Worker-90: Launching Main] INFO  o.e.m.c.i.embedder.EclipseLogger - Copying 0 resource
2022-12-17 15:12:59,092 [Worker-92: Launching Main] WARN  o.e.m.c.i.embedder.EclipseLogger - Using platform encoding (UTF-8 actually) to copy filtered resources, i.e. build is platform dependent!
2022-12-17 15:12:59,093 [Worker-92: Launching Main] INFO  o.e.m.c.i.embedder.EclipseLogger - Copying 0 resource
2022-12-17 15:12:59,095 [Worker-92: Launching Main] WARN  o.e.m.c.i.embedder.EclipseLogger - Using platform encoding (UTF-8 actually) to copy filtered resources, i.e. build is platform dependent!
2022-12-17 15:12:59,097 [Worker-92: Launching Main] INFO  o.e.m.c.i.embedder.EclipseLogger - Copying 0 resource
2022-12-17 15:13:38,317 [Worker-90: Launching Main] WARN  o.e.m.c.i.embedder.EclipseLogger - Using platform encoding (UTF-8 actually) to copy filtered resources, i.e. build is platform dependent!
2022-12-17 15:13:38,318 [Worker-90: Launching Main] INFO  o.e.m.c.i.embedder.EclipseLogger - Copying 0 resource
2022-12-17 15:13:38,320 [Worker-90: Launching Main] WARN  o.e.m.c.i.embedder.EclipseLogger - Using platform encoding (UTF-8 actually) to copy filtered resources, i.e. build is platform dependent!
2022-12-17 15:13:38,322 [Worker-90: Launching Main] INFO  o.e.m.c.i.embedder.EclipseLogger - Copying 0 resource
2022-12-17 15:34:31,301 [Worker-98: Launching Main] WARN  o.e.m.c.i.embedder.EclipseLogger - Using platform encoding (UTF-8 actually) to copy filtered resources, i.e. build is platform dependent!
2022-12-17 15:34:31,302 [Worker-98: Launching Main] INFO  o.e.m.c.i.embedder.EclipseLogger - Copying 0 resource
2022-12-17 15:34:31,304 [Worker-98: Launching Main] WARN  o.e.m.c.i.embedder.EclipseLogger - Using platform encoding (UTF-8 actually) to copy filtered resources, i.e. build is platform dependent!
2022-12-17 15:34:31,305 [Worker-98: Launching Main] INFO  o.e.m.c.i.embedder.EclipseLogger - Copying 0 resource
2022-12-17 15:34:52,060 [Worker-98: Launching Main] WARN  o.e.m.c.i.embedder.EclipseLogger - Using platform encoding (UTF-8 actually) to copy filtered resources, i.e. build is platform dependent!
2022-12-17 15:34:52,062 [Worker-98: Launching Main] INFO  o.e.m.c.i.embedder.EclipseLogger - Copying 0 resource
2022-12-17 15:34:52,063 [Worker-98: Launching Main] WARN  o.e.m.c.i.embedder.EclipseLogger - Using platform encoding (UTF-8 actually) to copy filtered resources, i.e. build is platform dependent!
2022-12-17 15:34:52,064 [Worker-98: Launching Main] INFO  o.e.m.c.i.embedder.EclipseLogger - Copying 0 resource
2022-12-17 15:43:29,522 [Worker-101: Launching Main] WARN  o.e.m.c.i.embedder.EclipseLogger - Using platform encoding (UTF-8 actually) to copy filtered resources, i.e. build is platform dependent!
2022-12-17 15:43:29,524 [Worker-101: Launching Main] INFO  o.e.m.c.i.embedder.EclipseLogger - Copying 0 resource
2022-12-17 15:43:29,525 [Worker-101: Launching Main] WARN  o.e.m.c.i.embedder.EclipseLogger - Using platform encoding (UTF-8 actually) to copy filtered resources, i.e. build is platform dependent!
2022-12-17 15:43:29,526 [Worker-101: Launching Main] INFO  o.e.m.c.i.embedder.EclipseLogger - Copying 0 resource
2022-12-17 15:45:11,795 [Worker-104: Launching Main] WARN  o.e.m.c.i.embedder.EclipseLogger - Using platform encoding (UTF-8 actually) to copy filtered resources, i.e. build is platform dependent!
2022-12-17 15:45:11,797 [Worker-104: Launching Main] INFO  o.e.m.c.i.embedder.EclipseLogger - Copying 0 resource
2022-12-17 15:45:11,798 [Worker-104: Launching Main] WARN  o.e.m.c.i.embedder.EclipseLogger - Using platform encoding (UTF-8 actually) to copy filtered resources, i.e. build is platform dependent!
2022-12-17 15:45:11,800 [Worker-104: Launching Main] INFO  o.e.m.c.i.embedder.EclipseLogger - Copying 0 resource
2022-12-17 15:46:00,774 [Worker-110: Launching Main] WARN  o.e.m.c.i.embedder.EclipseLogger - Using platform encoding (UTF-8 actually) to copy filtered resources, i.e. build is platform dependent!
2022-12-17 15:46:00,775 [Worker-110: Launching Main] INFO  o.e.m.c.i.embedder.EclipseLogger - Copying 0 resource
2022-12-17 15:46:00,780 [Worker-110: Launching Main] WARN  o.e.m.c.i.embedder.EclipseLogger - Using platform encoding (UTF-8 actually) to copy filtered resources, i.e. build is platform dependent!
2022-12-17 15:46:00,782 [Worker-110: Launching Main] INFO  o.e.m.c.i.embedder.EclipseLogger - Copying 0 resource
2022-12-17 15:46:55,291 [Worker-98: Launching Main] WARN  o.e.m.c.i.embedder.EclipseLogger - Using platform encoding (UTF-8 actually) to copy filtered resources, i.e. build is platform dependent!
2022-12-17 15:46:55,294 [Worker-98: Launching Main] INFO  o.e.m.c.i.embedder.EclipseLogger - Copying 0 resource
2022-12-17 15:46:55,297 [Worker-98: Launching Main] WARN  o.e.m.c.i.embedder.EclipseLogger - Using platform encoding (UTF-8 actually) to copy filtered resources, i.e. build is platform dependent!
2022-12-17 15:46:55,298 [Worker-98: Launching Main] INFO  o.e.m.c.i.embedder.EclipseLogger - Copying 0 resource
2022-12-17 15:48:25,036 [Worker-110: Launching Main] WARN  o.e.m.c.i.embedder.EclipseLogger - Using platform encoding (UTF-8 actually) to copy filtered resources, i.e. build is platform dependent!
2022-12-17 15:48:25,037 [Worker-110: Launching Main] INFO  o.e.m.c.i.embedder.EclipseLogger - Copying 0 resource
2022-12-17 15:48:25,039 [Worker-110: Launching Main] WARN  o.e.m.c.i.embedder.EclipseLogger - Using platform encoding (UTF-8 actually) to copy filtered resources, i.e. build is platform dependent!
2022-12-17 15:48:25,040 [Worker-110: Launching Main] INFO  o.e.m.c.i.embedder.EclipseLogger - Copying 0 resource
2022-12-17 15:48:34,517 [Worker-110: Launching Main] WARN  o.e.m.c.i.embedder.EclipseLogger - Using platform encoding (UTF-8 actually) to copy filtered resources, i.e. build is platform dependent!
2022-12-17 15:48:34,518 [Worker-110: Launching Main] INFO  o.e.m.c.i.embedder.EclipseLogger - Copying 0 resource
2022-12-17 15:48:34,520 [Worker-110: Launching Main] WARN  o.e.m.c.i.embedder.EclipseLogger - Using platform encoding (UTF-8 actually) to copy filtered resources, i.e. build is platform dependent!
2022-12-17 15:48:34,521 [Worker-110: Launching Main] INFO  o.e.m.c.i.embedder.EclipseLogger - Copying 0 resource
2022-12-17 16:03:43,419 [Worker-107: Launching Main] WARN  o.e.m.c.i.embedder.EclipseLogger - Using platform encoding (UTF-8 actually) to copy filtered resources, i.e. build is platform dependent!
2022-12-17 16:03:43,420 [Worker-107: Launching Main] INFO  o.e.m.c.i.embedder.EclipseLogger - Copying 0 resource
2022-12-17 16:03:43,422 [Worker-107: Launching Main] WARN  o.e.m.c.i.embedder.EclipseLogger - Using platform encoding (UTF-8 actually) to copy filtered resources, i.e. build is platform dependent!
2022-12-17 16:03:43,423 [Worker-107: Launching Main] INFO  o.e.m.c.i.embedder.EclipseLogger - Copying 0 resource
2022-12-17 16:10:45,678 [Worker-107: Launching Main] WARN  o.e.m.c.i.embedder.EclipseLogger - Using platform encoding (UTF-8 actually) to copy filtered resources, i.e. build is platform dependent!
2022-12-17 16:10:45,681 [Worker-107: Launching Main] INFO  o.e.m.c.i.embedder.EclipseLogger - Copying 0 resource
2022-12-17 16:10:45,684 [Worker-107: Launching Main] WARN  o.e.m.c.i.embedder.EclipseLogger - Using platform encoding (UTF-8 actually) to copy filtered resources, i.e. build is platform dependent!
2022-12-17 16:10:45,685 [Worker-107: Launching Main] INFO  o.e.m.c.i.embedder.EclipseLogger - Copying 0 resource
2022-12-17 16:13:52,676 [Worker-121: Launching Main] WARN  o.e.m.c.i.embedder.EclipseLogger - Using platform encoding (UTF-8 actually) to copy filtered resources, i.e. build is platform dependent!
2022-12-17 16:13:52,678 [Worker-121: Launching Main] INFO  o.e.m.c.i.embedder.EclipseLogger - Copying 0 resource
2022-12-17 16:13:52,684 [Worker-121: Launching Main] WARN  o.e.m.c.i.embedder.EclipseLogger - Using platform encoding (UTF-8 actually) to copy filtered resources, i.e. build is platform dependent!
2022-12-17 16:13:52,685 [Worker-121: Launching Main] INFO  o.e.m.c.i.embedder.EclipseLogger - Copying 0 resource
2022-12-17 16:25:29,139 [Worker-130: Launching Main] WARN  o.e.m.c.i.embedder.EclipseLogger - Using platform encoding (UTF-8 actually) to copy filtered resources, i.e. build is platform dependent!
2022-12-17 16:25:29,141 [Worker-130: Launching Main] INFO  o.e.m.c.i.embedder.EclipseLogger - Copying 0 resource
2022-12-17 16:25:29,142 [Worker-130: Launching Main] WARN  o.e.m.c.i.embedder.EclipseLogger - Using platform encoding (UTF-8 actually) to copy filtered resources, i.e. build is platform dependent!
2022-12-17 16:25:29,143 [Worker-130: Launching Main] INFO  o.e.m.c.i.embedder.EclipseLogger - Copying 0 resource
2022-12-17 16:26:37,648 [Worker-124: Launching Main] WARN  o.e.m.c.i.embedder.EclipseLogger - Using platform encoding (UTF-8 actually) to copy filtered resources, i.e. build is platform dependent!
2022-12-17 16:26:37,651 [Worker-124: Launching Main] INFO  o.e.m.c.i.embedder.EclipseLogger - Copying 0 resource
2022-12-17 16:26:37,652 [Worker-124: Launching Main] WARN  o.e.m.c.i.embedder.EclipseLogger - Using platform encoding (UTF-8 actually) to copy filtered resources, i.e. build is platform dependent!
2022-12-17 16:26:37,653 [Worker-124: Launching Main] INFO  o.e.m.c.i.embedder.EclipseLogger - Copying 0 resource
2022-12-18 11:32:22,542 [Worker-124: Launching Main] WARN  o.e.m.c.i.embedder.EclipseLogger - Using platform encoding (UTF-8 actually) to copy filtered resources, i.e. build is platform dependent!
2022-12-18 11:32:22,544 [Worker-124: Launching Main] INFO  o.e.m.c.i.embedder.EclipseLogger - Copying 0 resource
2022-12-18 11:32:22,548 [Worker-124: Launching Main] WARN  o.e.m.c.i.embedder.EclipseLogger - Using platform encoding (UTF-8 actually) to copy filtered resources, i.e. build is platform dependent!
2022-12-18 11:32:22,549 [Worker-124: Launching Main] INFO  o.e.m.c.i.embedder.EclipseLogger - Copying 0 resource
2022-12-18 11:34:22,721 [Worker-133: Launching Main] WARN  o.e.m.c.i.embedder.EclipseLogger - Using platform encoding (UTF-8 actually) to copy filtered resources, i.e. build is platform dependent!
2022-12-18 11:34:22,722 [Worker-133: Launching Main] INFO  o.e.m.c.i.embedder.EclipseLogger - Copying 0 resource
2022-12-18 11:34:22,724 [Worker-133: Launching Main] WARN  o.e.m.c.i.embedder.EclipseLogger - Using platform encoding (UTF-8 actually) to copy filtered resources, i.e. build is platform dependent!
2022-12-18 11:34:22,726 [Worker-133: Launching Main] INFO  o.e.m.c.i.embedder.EclipseLogger - Copying 0 resource
2022-12-18 11:35:56,228 [Worker-124: Launching Main] WARN  o.e.m.c.i.embedder.EclipseLogger - Using platform encoding (UTF-8 actually) to copy filtered resources, i.e. build is platform dependent!
2022-12-18 11:35:56,230 [Worker-124: Launching Main] INFO  o.e.m.c.i.embedder.EclipseLogger - Copying 0 resource
2022-12-18 11:35:56,232 [Worker-124: Launching Main] WARN  o.e.m.c.i.embedder.EclipseLogger - Using platform encoding (UTF-8 actually) to copy filtered resources, i.e. build is platform dependent!
2022-12-18 11:35:56,233 [Worker-124: Launching Main] INFO  o.e.m.c.i.embedder.EclipseLogger - Copying 0 resource
2022-12-18 11:41:55,978 [Worker-144: Launching Main] WARN  o.e.m.c.i.embedder.EclipseLogger - Using platform encoding (UTF-8 actually) to copy filtered resources, i.e. build is platform dependent!
2022-12-18 11:41:55,980 [Worker-144: Launching Main] INFO  o.e.m.c.i.embedder.EclipseLogger - Copying 0 resource
2022-12-18 11:41:55,982 [Worker-144: Launching Main] WARN  o.e.m.c.i.embedder.EclipseLogger - Using platform encoding (UTF-8 actually) to copy filtered resources, i.e. build is platform dependent!
2022-12-18 11:41:55,984 [Worker-144: Launching Main] INFO  o.e.m.c.i.embedder.EclipseLogger - Copying 0 resource
2022-12-18 11:42:36,009 [Worker-124: Launching Main] WARN  o.e.m.c.i.embedder.EclipseLogger - Using platform encoding (UTF-8 actually) to copy filtered resources, i.e. build is platform dependent!
2022-12-18 11:42:36,010 [Worker-124: Launching Main] INFO  o.e.m.c.i.embedder.EclipseLogger - Copying 0 resource
2022-12-18 11:42:36,012 [Worker-124: Launching Main] WARN  o.e.m.c.i.embedder.EclipseLogger - Using platform encoding (UTF-8 actually) to copy filtered resources, i.e. build is platform dependent!
2022-12-18 11:42:36,012 [Worker-124: Launching Main] INFO  o.e.m.c.i.embedder.EclipseLogger - Copying 0 resource
2022-12-18 12:12:07,285 [Worker-147: Launching Main] WARN  o.e.m.c.i.embedder.EclipseLogger - Using platform encoding (UTF-8 actually) to copy filtered resources, i.e. build is platform dependent!
2022-12-18 12:12:07,286 [Worker-147: Launching Main] INFO  o.e.m.c.i.embedder.EclipseLogger - Copying 0 resource
2022-12-18 12:12:07,290 [Worker-147: Launching Main] WARN  o.e.m.c.i.embedder.EclipseLogger - Using platform encoding (UTF-8 actually) to copy filtered resources, i.e. build is platform dependent!
2022-12-18 12:12:07,292 [Worker-147: Launching Main] INFO  o.e.m.c.i.embedder.EclipseLogger - Copying 0 resource
2022-12-18 12:13:01,025 [Worker-145: Launching Main] WARN  o.e.m.c.i.embedder.EclipseLogger - Using platform encoding (UTF-8 actually) to copy filtered resources, i.e. build is platform dependent!
2022-12-18 12:13:01,026 [Worker-145: Launching Main] INFO  o.e.m.c.i.embedder.EclipseLogger - Copying 0 resource
2022-12-18 12:13:01,028 [Worker-145: Launching Main] WARN  o.e.m.c.i.embedder.EclipseLogger - Using platform encoding (UTF-8 actually) to copy filtered resources, i.e. build is platform dependent!
2022-12-18 12:13:01,029 [Worker-145: Launching Main] INFO  o.e.m.c.i.embedder.EclipseLogger - Copying 0 resource
2022-12-18 13:13:57,803 [Worker-1: Loading available Gradle versions] INFO  o.e.b.c.i.u.g.PublishedGradleVersions - Gradle version information cache is out-of-date. Trying to update.
2022-12-19 16:25:09,723 [Worker-0: Loading available Gradle versions] INFO  o.e.b.c.i.u.g.PublishedGradleVersions - Gradle version information cache is out-of-date. Trying to update.
